2023-07-19T19:05:46.898+03:00  INFO 14888 --- [restartedMain] c.k.userservice.UserServiceApplication   : Starting UserServiceApplication using Java 20.0.1 with PID 14888 (F:\.Prog_works\depend\summerPracticeSSTU\user-service\target\classes started by Pavel in F:\.Prog_works\depend\summerPracticeSSTU)
2023-07-19T19:05:46.900+03:00  INFO 14888 --- [restartedMain] c.k.userservice.UserServiceApplication   : No active profile set, falling back to 1 default profile: "default"
2023-07-19T19:05:46.973+03:00  INFO 14888 --- [restartedMain] .e.DevToolsPropertyDefaultsPostProcessor : Devtools property defaults active! Set 'spring.devtools.add-properties' to 'false' to disable
2023-07-19T19:05:46.974+03:00  INFO 14888 --- [restartedMain] .e.DevToolsPropertyDefaultsPostProcessor : For additional web related logging consider setting the 'logging.level.web' property to 'DEBUG'
2023-07-19T19:05:48.004+03:00  INFO 14888 --- [restartedMain] .s.d.r.c.RepositoryConfigurationDelegate : Multiple Spring Data modules found, entering strict repository configuration mode
2023-07-19T19:05:48.005+03:00  INFO 14888 --- [restartedMain] .s.d.r.c.RepositoryConfigurationDelegate : Bootstrapping Spring Data JPA repositories in DEFAULT mode.
2023-07-19T19:05:48.171+03:00  INFO 14888 --- [restartedMain] .s.d.r.c.RepositoryConfigurationDelegate : Finished Spring Data repository scanning in 160 ms. Found 4 JPA repository interfaces.
2023-07-19T19:05:48.526+03:00  INFO 14888 --- [restartedMain] .s.d.r.c.RepositoryConfigurationDelegate : Multiple Spring Data modules found, entering strict repository configuration mode
2023-07-19T19:05:48.527+03:00  INFO 14888 --- [restartedMain] .s.d.r.c.RepositoryConfigurationDelegate : Bootstrapping Spring Data Redis repositories in DEFAULT mode.
2023-07-19T19:05:48.560+03:00  INFO 14888 --- [restartedMain] .RepositoryConfigurationExtensionSupport : Spring Data Redis - Could not safely identify store assignment for repository candidate interface com.kishko.photoservice.repositories.AttachmentRepository; If you want this repository to be a Redis repository, consider annotating your entities with one of these annotations: org.springframework.data.redis.core.RedisHash (preferred), or consider extending one of the following types with your repository: org.springframework.data.keyvalue.repository.KeyValueRepository
2023-07-19T19:05:48.566+03:00  INFO 14888 --- [restartedMain] .RepositoryConfigurationExtensionSupport : Spring Data Redis - Could not safely identify store assignment for repository candidate interface com.kishko.userservice.repositories.AdvancedStockRepository; If you want this repository to be a Redis repository, consider annotating your entities with one of these annotations: org.springframework.data.redis.core.RedisHash (preferred), or consider extending one of the following types with your repository: org.springframework.data.keyvalue.repository.KeyValueRepository
2023-07-19T19:05:48.567+03:00  INFO 14888 --- [restartedMain] .RepositoryConfigurationExtensionSupport : Spring Data Redis - Could not safely identify store assignment for repository candidate interface com.kishko.userservice.repositories.StockRepository; If you want this repository to be a Redis repository, consider annotating your entities with one of these annotations: org.springframework.data.redis.core.RedisHash (preferred), or consider extending one of the following types with your repository: org.springframework.data.keyvalue.repository.KeyValueRepository
2023-07-19T19:05:48.567+03:00  INFO 14888 --- [restartedMain] .RepositoryConfigurationExtensionSupport : Spring Data Redis - Could not safely identify store assignment for repository candidate interface com.kishko.userservice.repositories.UserRepository; If you want this repository to be a Redis repository, consider annotating your entities with one of these annotations: org.springframework.data.redis.core.RedisHash (preferred), or consider extending one of the following types with your repository: org.springframework.data.keyvalue.repository.KeyValueRepository
2023-07-19T19:05:48.567+03:00  INFO 14888 --- [restartedMain] .s.d.r.c.RepositoryConfigurationDelegate : Finished Spring Data repository scanning in 28 ms. Found 0 Redis repository interfaces.
2023-07-19T19:05:49.480+03:00  INFO 14888 --- [restartedMain] o.s.b.w.embedded.tomcat.TomcatWebServer  : Tomcat initialized with port(s): 8080 (http)
2023-07-19T19:05:49.494+03:00  INFO 14888 --- [restartedMain] o.apache.catalina.core.StandardService   : Starting service [Tomcat]
2023-07-19T19:05:49.494+03:00  INFO 14888 --- [restartedMain] o.apache.catalina.core.StandardEngine    : Starting Servlet engine: [Apache Tomcat/10.1.10]
2023-07-19T19:05:49.589+03:00  INFO 14888 --- [restartedMain] o.a.c.c.C.[Tomcat].[localhost].[/]       : Initializing Spring embedded WebApplicationContext
2023-07-19T19:05:49.590+03:00  INFO 14888 --- [restartedMain] w.s.c.ServletWebServerApplicationContext : Root WebApplicationContext: initialization completed in 2616 ms
2023-07-19T19:05:49.642+03:00  INFO 14888 --- [restartedMain] com.zaxxer.hikari.HikariDataSource       : HikariPool-1 - Starting...
2023-07-19T19:05:50.297+03:00  INFO 14888 --- [restartedMain] com.zaxxer.hikari.pool.HikariPool        : HikariPool-1 - Added connection org.postgresql.jdbc.PgConnection@3c728f25
2023-07-19T19:05:50.298+03:00  INFO 14888 --- [restartedMain] com.zaxxer.hikari.HikariDataSource       : HikariPool-1 - Start completed.
2023-07-19T19:05:50.310+03:00  INFO 14888 --- [restartedMain] o.s.b.a.h2.H2ConsoleAutoConfiguration    : H2 console available at '/h2-console'. Database available at 'jdbc:postgresql://84.38.183.185:5432/postgres'
2023-07-19T19:05:50.724+03:00  INFO 14888 --- [restartedMain] o.hibernate.jpa.internal.util.LogHelper  : HHH000204: Processing PersistenceUnitInfo [name: default]
2023-07-19T19:05:50.789+03:00  INFO 14888 --- [restartedMain] org.hibernate.Version                    : HHH000412: Hibernate ORM core version [WORKING]
2023-07-19T19:05:50.791+03:00  INFO 14888 --- [restartedMain] org.hibernate.cfg.Environment            : HHH000406: Using bytecode reflection optimizer
2023-07-19T19:05:50.994+03:00  INFO 14888 --- [restartedMain] o.h.b.i.BytecodeProviderInitiator        : HHH000021: Bytecode provider name : bytebuddy
2023-07-19T19:05:51.160+03:00  INFO 14888 --- [restartedMain] o.s.o.j.p.SpringPersistenceUnitInfo      : No LoadTimeWeaver setup: ignoring JPA class transformer
2023-07-19T19:05:51.600+03:00  INFO 14888 --- [restartedMain] o.h.b.i.BytecodeProviderInitiator        : HHH000021: Bytecode provider name : bytebuddy
2023-07-19T19:05:52.253+03:00  INFO 14888 --- [restartedMain] o.h.e.t.j.p.i.JtaPlatformInitiator       : HHH000490: Using JtaPlatform implementation: [org.hibernate.engine.transaction.jta.platform.internal.NoJtaPlatform]
2023-07-19T19:05:53.346+03:00  INFO 14888 --- [restartedMain] j.LocalContainerEntityManagerFactoryBean : Initialized JPA EntityManagerFactory for persistence unit 'default'
2023-07-19T19:05:54.401+03:00  WARN 14888 --- [restartedMain] JpaBaseConfiguration$JpaWebConfiguration : spring.jpa.open-in-view is enabled by default. Therefore, database queries may be performed during view rendering. Explicitly configure spring.jpa.open-in-view to disable this warning
2023-07-19T19:05:55.971+03:00  INFO 14888 --- [restartedMain] o.s.b.d.a.OptionalLiveReloadServer       : LiveReload server is running on port 35729
2023-07-19T19:05:56.061+03:00  INFO 14888 --- [restartedMain] o.s.b.w.embedded.tomcat.TomcatWebServer  : Tomcat started on port(s): 8080 (http) with context path ''
2023-07-19T19:05:56.068+03:00  INFO 14888 --- [restartedMain] o.s.a.r.c.CachingConnectionFactory       : Attempting to connect to: [hawk.rmq.cloudamqp.com:5671]
2023-07-19T19:05:56.536+03:00  INFO 14888 --- [restartedMain] o.s.a.r.c.CachingConnectionFactory       : Created new connection: rabbitConnectionFactory#241315a4:0/SimpleConnection@614f8722 [delegate=amqp://tblsugde@13.50.160.243:5671/tblsugde, localPort=64246]
2023-07-19T19:05:56.927+03:00  INFO 14888 --- [restartedMain] c.k.userservice.UserServiceApplication   : Started UserServiceApplication in 10.676 seconds (process running for 11.298)
2023-07-19T19:06:06.656+03:00  INFO 14888 --- [http-nio-8080-exec-2] o.a.c.c.C.[Tomcat].[localhost].[/]       : Initializing Spring DispatcherServlet 'dispatcherServlet'
2023-07-19T19:06:06.657+03:00  INFO 14888 --- [http-nio-8080-exec-2] o.s.web.servlet.DispatcherServlet        : Initializing Servlet 'dispatcherServlet'
2023-07-19T19:06:06.658+03:00  INFO 14888 --- [http-nio-8080-exec-2] o.s.web.servlet.DispatcherServlet        : Completed initialization in 1 ms
2023-07-19T19:06:20.679+03:00  INFO 14888 --- [org.springframework.amqp.rabbit.RabbitListenerEndpointContainer#0-2] o.s.a.r.l.SimpleMessageListenerContainer : Waiting for workers to finish.
2023-07-19T19:06:21.153+03:00  INFO 14888 --- [org.springframework.amqp.rabbit.RabbitListenerEndpointContainer#0-2] o.s.a.r.l.SimpleMessageListenerContainer : Successfully waited for workers to finish.
2023-07-19T19:06:21.167+03:00  INFO 14888 --- [SpringApplicationShutdownHook] o.s.a.r.l.SimpleMessageListenerContainer : Shutdown ignored - container is already stopped
2023-07-19T19:06:21.215+03:00  INFO 14888 --- [SpringApplicationShutdownHook] j.LocalContainerEntityManagerFactoryBean : Closing JPA EntityManagerFactory for persistence unit 'default'
2023-07-19T19:06:21.219+03:00  INFO 14888 --- [SpringApplicationShutdownHook] com.zaxxer.hikari.HikariDataSource       : HikariPool-1 - Shutdown initiated...
2023-07-19T19:06:21.579+03:00  INFO 14888 --- [SpringApplicationShutdownHook] com.zaxxer.hikari.HikariDataSource       : HikariPool-1 - Shutdown completed.
2023-07-19T19:07:14.730+03:00  INFO 19236 --- [restartedMain] c.k.userservice.UserServiceApplication   : Starting UserServiceApplication using Java 20.0.1 with PID 19236 (F:\.Prog_works\depend\summerPracticeSSTU\user-service\target\classes started by Pavel in F:\.Prog_works\depend\summerPracticeSSTU)
2023-07-19T19:07:14.732+03:00  INFO 19236 --- [restartedMain] c.k.userservice.UserServiceApplication   : No active profile set, falling back to 1 default profile: "default"
2023-07-19T19:07:14.796+03:00  INFO 19236 --- [restartedMain] .e.DevToolsPropertyDefaultsPostProcessor : Devtools property defaults active! Set 'spring.devtools.add-properties' to 'false' to disable
2023-07-19T19:07:14.796+03:00  INFO 19236 --- [restartedMain] .e.DevToolsPropertyDefaultsPostProcessor : For additional web related logging consider setting the 'logging.level.web' property to 'DEBUG'
2023-07-19T19:07:15.672+03:00  INFO 19236 --- [restartedMain] .s.d.r.c.RepositoryConfigurationDelegate : Multiple Spring Data modules found, entering strict repository configuration mode
2023-07-19T19:07:15.672+03:00  INFO 19236 --- [restartedMain] .s.d.r.c.RepositoryConfigurationDelegate : Bootstrapping Spring Data JPA repositories in DEFAULT mode.
2023-07-19T19:07:15.827+03:00  INFO 19236 --- [restartedMain] .s.d.r.c.RepositoryConfigurationDelegate : Finished Spring Data repository scanning in 143 ms. Found 4 JPA repository interfaces.
2023-07-19T19:07:16.185+03:00  INFO 19236 --- [restartedMain] .s.d.r.c.RepositoryConfigurationDelegate : Multiple Spring Data modules found, entering strict repository configuration mode
2023-07-19T19:07:16.188+03:00  INFO 19236 --- [restartedMain] .s.d.r.c.RepositoryConfigurationDelegate : Bootstrapping Spring Data Redis repositories in DEFAULT mode.
2023-07-19T19:07:16.220+03:00  INFO 19236 --- [restartedMain] .RepositoryConfigurationExtensionSupport : Spring Data Redis - Could not safely identify store assignment for repository candidate interface com.kishko.photoservice.repositories.AttachmentRepository; If you want this repository to be a Redis repository, consider annotating your entities with one of these annotations: org.springframework.data.redis.core.RedisHash (preferred), or consider extending one of the following types with your repository: org.springframework.data.keyvalue.repository.KeyValueRepository
2023-07-19T19:07:16.228+03:00  INFO 19236 --- [restartedMain] .RepositoryConfigurationExtensionSupport : Spring Data Redis - Could not safely identify store assignment for repository candidate interface com.kishko.userservice.repositories.AdvancedStockRepository; If you want this repository to be a Redis repository, consider annotating your entities with one of these annotations: org.springframework.data.redis.core.RedisHash (preferred), or consider extending one of the following types with your repository: org.springframework.data.keyvalue.repository.KeyValueRepository
2023-07-19T19:07:16.228+03:00  INFO 19236 --- [restartedMain] .RepositoryConfigurationExtensionSupport : Spring Data Redis - Could not safely identify store assignment for repository candidate interface com.kishko.userservice.repositories.StockRepository; If you want this repository to be a Redis repository, consider annotating your entities with one of these annotations: org.springframework.data.redis.core.RedisHash (preferred), or consider extending one of the following types with your repository: org.springframework.data.keyvalue.repository.KeyValueRepository
2023-07-19T19:07:16.229+03:00  INFO 19236 --- [restartedMain] .RepositoryConfigurationExtensionSupport : Spring Data Redis - Could not safely identify store assignment for repository candidate interface com.kishko.userservice.repositories.UserRepository; If you want this repository to be a Redis repository, consider annotating your entities with one of these annotations: org.springframework.data.redis.core.RedisHash (preferred), or consider extending one of the following types with your repository: org.springframework.data.keyvalue.repository.KeyValueRepository
2023-07-19T19:07:16.229+03:00  INFO 19236 --- [restartedMain] .s.d.r.c.RepositoryConfigurationDelegate : Finished Spring Data repository scanning in 28 ms. Found 0 Redis repository interfaces.
2023-07-19T19:07:17.179+03:00  INFO 19236 --- [restartedMain] o.s.b.w.embedded.tomcat.TomcatWebServer  : Tomcat initialized with port(s): 8080 (http)
2023-07-19T19:07:17.197+03:00  INFO 19236 --- [restartedMain] o.apache.catalina.core.StandardService   : Starting service [Tomcat]
2023-07-19T19:07:17.198+03:00  INFO 19236 --- [restartedMain] o.apache.catalina.core.StandardEngine    : Starting Servlet engine: [Apache Tomcat/10.1.10]
2023-07-19T19:07:17.289+03:00  INFO 19236 --- [restartedMain] o.a.c.c.C.[Tomcat].[localhost].[/]       : Initializing Spring embedded WebApplicationContext
2023-07-19T19:07:17.290+03:00  INFO 19236 --- [restartedMain] w.s.c.ServletWebServerApplicationContext : Root WebApplicationContext: initialization completed in 2494 ms
2023-07-19T19:07:17.337+03:00  INFO 19236 --- [restartedMain] com.zaxxer.hikari.HikariDataSource       : HikariPool-1 - Starting...
2023-07-19T19:07:18.043+03:00  INFO 19236 --- [restartedMain] com.zaxxer.hikari.pool.HikariPool        : HikariPool-1 - Added connection org.postgresql.jdbc.PgConnection@46f2c413
2023-07-19T19:07:18.044+03:00  INFO 19236 --- [restartedMain] com.zaxxer.hikari.HikariDataSource       : HikariPool-1 - Start completed.
2023-07-19T19:07:18.055+03:00  INFO 19236 --- [restartedMain] o.s.b.a.h2.H2ConsoleAutoConfiguration    : H2 console available at '/h2-console'. Database available at 'jdbc:postgresql://84.38.183.185:5432/postgres'
2023-07-19T19:07:18.446+03:00  INFO 19236 --- [restartedMain] o.hibernate.jpa.internal.util.LogHelper  : HHH000204: Processing PersistenceUnitInfo [name: default]
2023-07-19T19:07:18.507+03:00  INFO 19236 --- [restartedMain] org.hibernate.Version                    : HHH000412: Hibernate ORM core version [WORKING]
2023-07-19T19:07:18.509+03:00  INFO 19236 --- [restartedMain] org.hibernate.cfg.Environment            : HHH000406: Using bytecode reflection optimizer
2023-07-19T19:07:18.694+03:00  INFO 19236 --- [restartedMain] o.h.b.i.BytecodeProviderInitiator        : HHH000021: Bytecode provider name : bytebuddy
2023-07-19T19:07:18.818+03:00  INFO 19236 --- [restartedMain] o.s.o.j.p.SpringPersistenceUnitInfo      : No LoadTimeWeaver setup: ignoring JPA class transformer
2023-07-19T19:07:19.277+03:00  INFO 19236 --- [restartedMain] o.h.b.i.BytecodeProviderInitiator        : HHH000021: Bytecode provider name : bytebuddy
2023-07-19T19:07:19.941+03:00  INFO 19236 --- [restartedMain] o.h.e.t.j.p.i.JtaPlatformInitiator       : HHH000490: Using JtaPlatform implementation: [org.hibernate.engine.transaction.jta.platform.internal.NoJtaPlatform]
2023-07-19T19:07:21.179+03:00  INFO 19236 --- [restartedMain] j.LocalContainerEntityManagerFactoryBean : Initialized JPA EntityManagerFactory for persistence unit 'default'
2023-07-19T19:07:22.159+03:00  WARN 19236 --- [restartedMain] JpaBaseConfiguration$JpaWebConfiguration : spring.jpa.open-in-view is enabled by default. Therefore, database queries may be performed during view rendering. Explicitly configure spring.jpa.open-in-view to disable this warning
2023-07-19T19:07:23.777+03:00  INFO 19236 --- [restartedMain] o.s.b.d.a.OptionalLiveReloadServer       : LiveReload server is running on port 35729
2023-07-19T19:07:23.854+03:00  INFO 19236 --- [restartedMain] o.s.b.w.embedded.tomcat.TomcatWebServer  : Tomcat started on port(s): 8080 (http) with context path ''
2023-07-19T19:07:23.859+03:00  INFO 19236 --- [restartedMain] o.s.a.r.c.CachingConnectionFactory       : Attempting to connect to: [hawk.rmq.cloudamqp.com:5671]
2023-07-19T19:07:24.268+03:00  INFO 19236 --- [restartedMain] o.s.a.r.c.CachingConnectionFactory       : Created new connection: rabbitConnectionFactory#2191f143:0/SimpleConnection@2d15dab5 [delegate=amqp://tblsugde@13.50.160.243:5671/tblsugde, localPort=64303]
2023-07-19T19:07:24.660+03:00  INFO 19236 --- [restartedMain] c.k.userservice.UserServiceApplication   : Started UserServiceApplication in 10.453 seconds (process running for 10.98)
2023-07-19T19:07:36.781+03:00  INFO 19236 --- [http-nio-8080-exec-2] o.a.c.c.C.[Tomcat].[localhost].[/]       : Initializing Spring DispatcherServlet 'dispatcherServlet'
2023-07-19T19:07:36.781+03:00  INFO 19236 --- [http-nio-8080-exec-2] o.s.web.servlet.DispatcherServlet        : Initializing Servlet 'dispatcherServlet'
2023-07-19T19:07:36.783+03:00  INFO 19236 --- [http-nio-8080-exec-2] o.s.web.servlet.DispatcherServlet        : Completed initialization in 2 ms
2023-07-19T19:07:51.717+03:00 ERROR 19236 --- [http-nio-8080-exec-3] o.a.c.c.C.[.[.[/].[dispatcherServlet]    : Servlet.service() for servlet [dispatcherServlet] in context with path [] threw exception [Request processing failed: org.springframework.data.redis.serializer.SerializationException: Cannot deserialize] with root cause

java.io.InvalidClassException: com.kishko.photoservice.entities.Attachment; class invalid for deserialization
	at java.base/java.io.ObjectStreamClass$ExceptionInfo.newInvalidClassException(ObjectStreamClass.java:171) ~[na:na]
	at java.base/java.io.ObjectStreamClass.checkDeserialize(ObjectStreamClass.java:790) ~[na:na]
	at java.base/java.io.ObjectInputStream.readOrdinaryObject(ObjectInputStream.java:2249) ~[na:na]
	at java.base/java.io.ObjectInputStream.readObject0(ObjectInputStream.java:1760) ~[na:na]
	at java.base/java.io.ObjectInputStream$FieldValues.<init>(ObjectInputStream.java:2614) ~[na:na]
	at java.base/java.io.ObjectInputStream.readSerialData(ObjectInputStream.java:2465) ~[na:na]
	at java.base/java.io.ObjectInputStream.readOrdinaryObject(ObjectInputStream.java:2280) ~[na:na]
	at java.base/java.io.ObjectInputStream.readObject0(ObjectInputStream.java:1760) ~[na:na]
	at java.base/java.io.ObjectInputStream$FieldValues.<init>(ObjectInputStream.java:2614) ~[na:na]
	at java.base/java.io.ObjectInputStream.readSerialData(ObjectInputStream.java:2465) ~[na:na]
	at java.base/java.io.ObjectInputStream.readOrdinaryObject(ObjectInputStream.java:2280) ~[na:na]
	at java.base/java.io.ObjectInputStream.readObject0(ObjectInputStream.java:1760) ~[na:na]
	at java.base/java.io.ObjectInputStream$FieldValues.<init>(ObjectInputStream.java:2614) ~[na:na]
	at java.base/java.io.ObjectInputStream.readSerialData(ObjectInputStream.java:2465) ~[na:na]
	at java.base/java.io.ObjectInputStream.readOrdinaryObject(ObjectInputStream.java:2280) ~[na:na]
	at java.base/java.io.ObjectInputStream.readObject0(ObjectInputStream.java:1760) ~[na:na]
	at java.base/java.io.ObjectInputStream.readObject(ObjectInputStream.java:538) ~[na:na]
	at java.base/java.io.ObjectInputStream.readObject(ObjectInputStream.java:496) ~[na:na]
	at org.springframework.core.serializer.DefaultDeserializer.deserialize(DefaultDeserializer.java:72) ~[photo-service.jar:na]
	at org.springframework.core.serializer.support.DeserializingConverter.convert(DeserializingConverter.java:75) ~[photo-service.jar:na]
	at org.springframework.core.serializer.support.DeserializingConverter.convert(DeserializingConverter.java:37) ~[photo-service.jar:na]
	at org.springframework.data.redis.serializer.JdkSerializationRedisSerializer.deserialize(JdkSerializationRedisSerializer.java:82) ~[spring-data-redis-3.1.2.jar:3.1.2]
	at org.springframework.data.redis.serializer.DefaultRedisElementReader.read(DefaultRedisElementReader.java:46) ~[spring-data-redis-3.1.2.jar:3.1.2]
	at org.springframework.data.redis.serializer.RedisSerializationContext$SerializationPair.read(RedisSerializationContext.java:272) ~[spring-data-redis-3.1.2.jar:3.1.2]
	at org.springframework.data.redis.cache.RedisCache.deserializeCacheValue(RedisCache.java:294) ~[spring-data-redis-3.1.2.jar:3.1.2]
	at org.springframework.data.redis.cache.RedisCache.lookup(RedisCache.java:169) ~[spring-data-redis-3.1.2.jar:3.1.2]
	at org.springframework.cache.support.AbstractValueAdaptingCache.get(AbstractValueAdaptingCache.java:58) ~[photo-service.jar:na]
	at org.springframework.data.redis.cache.RedisCache.get(RedisCache.java:133) ~[spring-data-redis-3.1.2.jar:3.1.2]
	at org.springframework.cache.interceptor.CacheAspectSupport.handleSynchronizedGet(CacheAspectSupport.java:442) ~[photo-service.jar:na]
	at org.springframework.cache.interceptor.CacheAspectSupport.execute(CacheAspectSupport.java:382) ~[photo-service.jar:na]
	at org.springframework.cache.interceptor.CacheAspectSupport.execute(CacheAspectSupport.java:345) ~[photo-service.jar:na]
	at org.springframework.cache.interceptor.CacheInterceptor.invoke(CacheInterceptor.java:64) ~[photo-service.jar:na]
	at org.springframework.aop.framework.ReflectiveMethodInvocation.proceed(ReflectiveMethodInvocation.java:184) ~[photo-service.jar:na]
	at org.springframework.aop.framework.CglibAopProxy$CglibMethodInvocation.proceed(CglibAopProxy.java:756) ~[photo-service.jar:na]
	at org.springframework.aop.framework.CglibAopProxy$DynamicAdvisedInterceptor.intercept(CglibAopProxy.java:708) ~[photo-service.jar:na]
	at com.kishko.userservice.services.UserServiceImpl$$SpringCGLIB$$0.getUserById(<generated>) ~[classes/:na]
	at com.kishko.userservice.controllers.UserController.getUserById(UserController.java:42) ~[classes/:na]
	at java.base/jdk.internal.reflect.DirectMethodHandleAccessor.invoke(DirectMethodHandleAccessor.java:104) ~[na:na]
	at java.base/java.lang.reflect.Method.invoke(Method.java:578) ~[na:na]
	at org.springframework.web.method.support.InvocableHandlerMethod.doInvoke(InvocableHandlerMethod.java:207) ~[photo-service.jar:na]
	at org.springframework.web.method.support.InvocableHandlerMethod.invokeForRequest(InvocableHandlerMethod.java:152) ~[photo-service.jar:na]
	at org.springframework.web.servlet.mvc.method.annotation.ServletInvocableHandlerMethod.invokeAndHandle(ServletInvocableHandlerMethod.java:118) ~[photo-service.jar:na]
	at org.springframework.web.servlet.mvc.method.annotation.RequestMappingHandlerAdapter.invokeHandlerMethod(RequestMappingHandlerAdapter.java:884) ~[photo-service.jar:na]
	at org.springframework.web.servlet.mvc.method.annotation.RequestMappingHandlerAdapter.handleInternal(RequestMappingHandlerAdapter.java:797) ~[photo-service.jar:na]
	at org.springframework.web.servlet.mvc.method.AbstractHandlerMethodAdapter.handle(AbstractHandlerMethodAdapter.java:87) ~[photo-service.jar:na]
	at org.springframework.web.servlet.DispatcherServlet.doDispatch(DispatcherServlet.java:1081) ~[photo-service.jar:na]
	at org.springframework.web.servlet.DispatcherServlet.doService(DispatcherServlet.java:974) ~[photo-service.jar:na]
	at org.springframework.web.servlet.FrameworkServlet.processRequest(FrameworkServlet.java:1011) ~[photo-service.jar:na]
	at org.springframework.web.servlet.FrameworkServlet.doGet(FrameworkServlet.java:903) ~[photo-service.jar:na]
	at jakarta.servlet.http.HttpServlet.service(HttpServlet.java:564) ~[photo-service.jar:na]
	at org.springframework.web.servlet.FrameworkServlet.service(FrameworkServlet.java:885) ~[photo-service.jar:na]
	at jakarta.servlet.http.HttpServlet.service(HttpServlet.java:658) ~[photo-service.jar:na]
	at org.apache.catalina.core.ApplicationFilterChain.internalDoFilter(ApplicationFilterChain.java:205) ~[photo-service.jar:na]
	at org.apache.catalina.core.ApplicationFilterChain.doFilter(ApplicationFilterChain.java:149) ~[photo-service.jar:na]
	at org.apache.tomcat.websocket.server.WsFilter.doFilter(WsFilter.java:51) ~[photo-service.jar:na]
	at org.apache.catalina.core.ApplicationFilterChain.internalDoFilter(ApplicationFilterChain.java:174) ~[photo-service.jar:na]
	at org.apache.catalina.core.ApplicationFilterChain.doFilter(ApplicationFilterChain.java:149) ~[photo-service.jar:na]
	at org.springframework.web.filter.RequestContextFilter.doFilterInternal(RequestContextFilter.java:100) ~[photo-service.jar:na]
	at org.springframework.web.filter.OncePerRequestFilter.doFilter(OncePerRequestFilter.java:116) ~[photo-service.jar:na]
	at org.apache.catalina.core.ApplicationFilterChain.internalDoFilter(ApplicationFilterChain.java:174) ~[photo-service.jar:na]
	at org.apache.catalina.core.ApplicationFilterChain.doFilter(ApplicationFilterChain.java:149) ~[photo-service.jar:na]
	at org.springframework.web.filter.FormContentFilter.doFilterInternal(FormContentFilter.java:93) ~[photo-service.jar:na]
	at org.springframework.web.filter.OncePerRequestFilter.doFilter(OncePerRequestFilter.java:116) ~[photo-service.jar:na]
	at org.apache.catalina.core.ApplicationFilterChain.internalDoFilter(ApplicationFilterChain.java:174) ~[photo-service.jar:na]
	at org.apache.catalina.core.ApplicationFilterChain.doFilter(ApplicationFilterChain.java:149) ~[photo-service.jar:na]
	at org.springframework.web.filter.CharacterEncodingFilter.doFilterInternal(CharacterEncodingFilter.java:201) ~[photo-service.jar:na]
	at org.springframework.web.filter.OncePerRequestFilter.doFilter(OncePerRequestFilter.java:116) ~[photo-service.jar:na]
	at org.apache.catalina.core.ApplicationFilterChain.internalDoFilter(ApplicationFilterChain.java:174) ~[photo-service.jar:na]
	at org.apache.catalina.core.ApplicationFilterChain.doFilter(ApplicationFilterChain.java:149) ~[photo-service.jar:na]
	at org.apache.catalina.core.StandardWrapperValve.invoke(StandardWrapperValve.java:166) ~[photo-service.jar:na]
	at org.apache.catalina.core.StandardContextValve.invoke(StandardContextValve.java:90) ~[photo-service.jar:na]
	at org.apache.catalina.authenticator.AuthenticatorBase.invoke(AuthenticatorBase.java:482) ~[photo-service.jar:na]
	at org.apache.catalina.core.StandardHostValve.invoke(StandardHostValve.java:115) ~[photo-service.jar:na]
	at org.apache.catalina.valves.ErrorReportValve.invoke(ErrorReportValve.java:93) ~[photo-service.jar:na]
	at org.apache.catalina.core.StandardEngineValve.invoke(StandardEngineValve.java:74) ~[photo-service.jar:na]
	at org.apache.catalina.connector.CoyoteAdapter.service(CoyoteAdapter.java:341) ~[photo-service.jar:na]
	at org.apache.coyote.http11.Http11Processor.service(Http11Processor.java:391) ~[photo-service.jar:na]
	at org.apache.coyote.AbstractProcessorLight.process(AbstractProcessorLight.java:63) ~[photo-service.jar:na]
	at org.apache.coyote.AbstractProtocol$ConnectionHandler.process(AbstractProtocol.java:894) ~[photo-service.jar:na]
	at org.apache.tomcat.util.net.NioEndpoint$SocketProcessor.doRun(NioEndpoint.java:1741) ~[photo-service.jar:na]
	at org.apache.tomcat.util.net.SocketProcessorBase.run(SocketProcessorBase.java:52) ~[photo-service.jar:na]
	at org.apache.tomcat.util.threads.ThreadPoolExecutor.runWorker(ThreadPoolExecutor.java:1191) ~[photo-service.jar:na]
	at org.apache.tomcat.util.threads.ThreadPoolExecutor$Worker.run(ThreadPoolExecutor.java:659) ~[photo-service.jar:na]
	at org.apache.tomcat.util.threads.TaskThread$WrappingRunnable.run(TaskThread.java:61) ~[photo-service.jar:na]
	at java.base/java.lang.Thread.run(Thread.java:1623) ~[na:na]

2023-07-19T19:08:14.856+03:00  INFO 19236 --- [org.springframework.amqp.rabbit.RabbitListenerEndpointContainer#0-2] o.s.a.r.l.SimpleMessageListenerContainer : Waiting for workers to finish.
2023-07-19T19:08:15.035+03:00  INFO 19236 --- [org.springframework.amqp.rabbit.RabbitListenerEndpointContainer#0-2] o.s.a.r.l.SimpleMessageListenerContainer : Successfully waited for workers to finish.
2023-07-19T19:08:15.048+03:00  INFO 19236 --- [SpringApplicationShutdownHook] o.s.a.r.l.SimpleMessageListenerContainer : Shutdown ignored - container is already stopped
2023-07-19T19:08:15.096+03:00  INFO 19236 --- [SpringApplicationShutdownHook] j.LocalContainerEntityManagerFactoryBean : Closing JPA EntityManagerFactory for persistence unit 'default'
2023-07-19T19:08:15.101+03:00  INFO 19236 --- [SpringApplicationShutdownHook] com.zaxxer.hikari.HikariDataSource       : HikariPool-1 - Shutdown initiated...
2023-07-19T19:08:15.479+03:00  INFO 19236 --- [SpringApplicationShutdownHook] com.zaxxer.hikari.HikariDataSource       : HikariPool-1 - Shutdown completed.
2023-07-19T22:44:39.999+03:00  INFO 19324 --- [restartedMain] c.k.userservice.UserServiceApplication   : Starting UserServiceApplication using Java 20.0.1 with PID 19324 (F:\.Prog_works\depend\summerPracticeSSTU\user-service\target\classes started by Pavel in F:\.Prog_works\depend\summerPracticeSSTU)
2023-07-19T22:44:40.002+03:00  INFO 19324 --- [restartedMain] c.k.userservice.UserServiceApplication   : No active profile set, falling back to 1 default profile: "default"
2023-07-19T22:44:40.093+03:00  INFO 19324 --- [restartedMain] .e.DevToolsPropertyDefaultsPostProcessor : Devtools property defaults active! Set 'spring.devtools.add-properties' to 'false' to disable
2023-07-19T22:44:40.093+03:00  INFO 19324 --- [restartedMain] .e.DevToolsPropertyDefaultsPostProcessor : For additional web related logging consider setting the 'logging.level.web' property to 'DEBUG'
2023-07-19T22:44:41.378+03:00  INFO 19324 --- [restartedMain] .s.d.r.c.RepositoryConfigurationDelegate : Multiple Spring Data modules found, entering strict repository configuration mode
2023-07-19T22:44:41.379+03:00  INFO 19324 --- [restartedMain] .s.d.r.c.RepositoryConfigurationDelegate : Bootstrapping Spring Data JPA repositories in DEFAULT mode.
2023-07-19T22:44:41.551+03:00  INFO 19324 --- [restartedMain] .s.d.r.c.RepositoryConfigurationDelegate : Finished Spring Data repository scanning in 163 ms. Found 4 JPA repository interfaces.
2023-07-19T22:44:41.996+03:00  INFO 19324 --- [restartedMain] .s.d.r.c.RepositoryConfigurationDelegate : Multiple Spring Data modules found, entering strict repository configuration mode
2023-07-19T22:44:41.998+03:00  INFO 19324 --- [restartedMain] .s.d.r.c.RepositoryConfigurationDelegate : Bootstrapping Spring Data Redis repositories in DEFAULT mode.
2023-07-19T22:44:42.038+03:00  INFO 19324 --- [restartedMain] .RepositoryConfigurationExtensionSupport : Spring Data Redis - Could not safely identify store assignment for repository candidate interface com.kishko.photoservice.repositories.AttachmentRepository; If you want this repository to be a Redis repository, consider annotating your entities with one of these annotations: org.springframework.data.redis.core.RedisHash (preferred), or consider extending one of the following types with your repository: org.springframework.data.keyvalue.repository.KeyValueRepository
2023-07-19T22:44:42.044+03:00  INFO 19324 --- [restartedMain] .RepositoryConfigurationExtensionSupport : Spring Data Redis - Could not safely identify store assignment for repository candidate interface com.kishko.userservice.repositories.AdvancedStockRepository; If you want this repository to be a Redis repository, consider annotating your entities with one of these annotations: org.springframework.data.redis.core.RedisHash (preferred), or consider extending one of the following types with your repository: org.springframework.data.keyvalue.repository.KeyValueRepository
2023-07-19T22:44:42.045+03:00  INFO 19324 --- [restartedMain] .RepositoryConfigurationExtensionSupport : Spring Data Redis - Could not safely identify store assignment for repository candidate interface com.kishko.userservice.repositories.StockRepository; If you want this repository to be a Redis repository, consider annotating your entities with one of these annotations: org.springframework.data.redis.core.RedisHash (preferred), or consider extending one of the following types with your repository: org.springframework.data.keyvalue.repository.KeyValueRepository
2023-07-19T22:44:42.045+03:00  INFO 19324 --- [restartedMain] .RepositoryConfigurationExtensionSupport : Spring Data Redis - Could not safely identify store assignment for repository candidate interface com.kishko.userservice.repositories.UserRepository; If you want this repository to be a Redis repository, consider annotating your entities with one of these annotations: org.springframework.data.redis.core.RedisHash (preferred), or consider extending one of the following types with your repository: org.springframework.data.keyvalue.repository.KeyValueRepository
2023-07-19T22:44:42.045+03:00  INFO 19324 --- [restartedMain] .s.d.r.c.RepositoryConfigurationDelegate : Finished Spring Data repository scanning in 31 ms. Found 0 Redis repository interfaces.
2023-07-19T22:44:43.112+03:00  INFO 19324 --- [restartedMain] o.s.b.w.embedded.tomcat.TomcatWebServer  : Tomcat initialized with port(s): 8080 (http)
2023-07-19T22:44:43.133+03:00  INFO 19324 --- [restartedMain] o.apache.catalina.core.StandardService   : Starting service [Tomcat]
2023-07-19T22:44:43.134+03:00  INFO 19324 --- [restartedMain] o.apache.catalina.core.StandardEngine    : Starting Servlet engine: [Apache Tomcat/10.1.10]
2023-07-19T22:44:43.228+03:00  INFO 19324 --- [restartedMain] o.a.c.c.C.[Tomcat].[localhost].[/]       : Initializing Spring embedded WebApplicationContext
2023-07-19T22:44:43.230+03:00  INFO 19324 --- [restartedMain] w.s.c.ServletWebServerApplicationContext : Root WebApplicationContext: initialization completed in 3136 ms
2023-07-19T22:44:43.279+03:00  INFO 19324 --- [restartedMain] com.zaxxer.hikari.HikariDataSource       : HikariPool-1 - Starting...
2023-07-19T22:44:43.987+03:00  INFO 19324 --- [restartedMain] com.zaxxer.hikari.pool.HikariPool        : HikariPool-1 - Added connection org.postgresql.jdbc.PgConnection@734b3176
2023-07-19T22:44:43.989+03:00  INFO 19324 --- [restartedMain] com.zaxxer.hikari.HikariDataSource       : HikariPool-1 - Start completed.
2023-07-19T22:44:44.003+03:00  INFO 19324 --- [restartedMain] o.s.b.a.h2.H2ConsoleAutoConfiguration    : H2 console available at '/h2-console'. Database available at 'jdbc:postgresql://84.38.183.185:5432/postgres'
2023-07-19T22:44:44.393+03:00  INFO 19324 --- [restartedMain] o.hibernate.jpa.internal.util.LogHelper  : HHH000204: Processing PersistenceUnitInfo [name: default]
2023-07-19T22:44:44.459+03:00  INFO 19324 --- [restartedMain] org.hibernate.Version                    : HHH000412: Hibernate ORM core version [WORKING]
2023-07-19T22:44:44.462+03:00  INFO 19324 --- [restartedMain] org.hibernate.cfg.Environment            : HHH000406: Using bytecode reflection optimizer
2023-07-19T22:44:44.646+03:00  INFO 19324 --- [restartedMain] o.h.b.i.BytecodeProviderInitiator        : HHH000021: Bytecode provider name : bytebuddy
2023-07-19T22:44:44.800+03:00  INFO 19324 --- [restartedMain] o.s.o.j.p.SpringPersistenceUnitInfo      : No LoadTimeWeaver setup: ignoring JPA class transformer
2023-07-19T22:44:45.260+03:00  INFO 19324 --- [restartedMain] o.h.b.i.BytecodeProviderInitiator        : HHH000021: Bytecode provider name : bytebuddy
2023-07-19T22:44:45.941+03:00  INFO 19324 --- [restartedMain] o.h.e.t.j.p.i.JtaPlatformInitiator       : HHH000490: Using JtaPlatform implementation: [org.hibernate.engine.transaction.jta.platform.internal.NoJtaPlatform]
2023-07-19T22:44:47.155+03:00  INFO 19324 --- [restartedMain] j.LocalContainerEntityManagerFactoryBean : Initialized JPA EntityManagerFactory for persistence unit 'default'
2023-07-19T22:44:48.132+03:00  WARN 19324 --- [restartedMain] JpaBaseConfiguration$JpaWebConfiguration : spring.jpa.open-in-view is enabled by default. Therefore, database queries may be performed during view rendering. Explicitly configure spring.jpa.open-in-view to disable this warning
2023-07-19T22:44:49.927+03:00  INFO 19324 --- [restartedMain] o.s.b.d.a.OptionalLiveReloadServer       : LiveReload server is running on port 35729
2023-07-19T22:44:50.025+03:00  INFO 19324 --- [restartedMain] o.s.b.w.embedded.tomcat.TomcatWebServer  : Tomcat started on port(s): 8080 (http) with context path ''
2023-07-19T22:44:50.032+03:00  INFO 19324 --- [restartedMain] o.s.a.r.c.CachingConnectionFactory       : Attempting to connect to: [hawk.rmq.cloudamqp.com:5671]
2023-07-19T22:44:50.584+03:00  INFO 19324 --- [restartedMain] o.s.a.r.c.CachingConnectionFactory       : Created new connection: rabbitConnectionFactory#25e8be01:0/SimpleConnection@28ed179 [delegate=amqp://tblsugde@13.50.160.243:5671/tblsugde, localPort=51186]
2023-07-19T22:44:51.016+03:00  INFO 19324 --- [restartedMain] c.k.userservice.UserServiceApplication   : Started UserServiceApplication in 11.721 seconds (process running for 12.43)
2023-07-19T22:45:24.523+03:00  INFO 19324 --- [http-nio-8080-exec-2] o.a.c.c.C.[Tomcat].[localhost].[/]       : Initializing Spring DispatcherServlet 'dispatcherServlet'
2023-07-19T22:45:24.523+03:00  INFO 19324 --- [http-nio-8080-exec-2] o.s.web.servlet.DispatcherServlet        : Initializing Servlet 'dispatcherServlet'
2023-07-19T22:45:24.525+03:00  INFO 19324 --- [http-nio-8080-exec-2] o.s.web.servlet.DispatcherServlet        : Completed initialization in 2 ms
2023-07-19T22:45:24.917+03:00 ERROR 19324 --- [http-nio-8080-exec-2] o.a.c.c.C.[.[.[/].[dispatcherServlet]    : Servlet.service() for servlet [dispatcherServlet] in context with path [] threw exception [Request processing failed: org.springframework.data.redis.serializer.SerializationException: Cannot deserialize] with root cause

java.io.InvalidClassException: com.kishko.photoservice.entities.Attachment; class invalid for deserialization
	at java.base/java.io.ObjectStreamClass$ExceptionInfo.newInvalidClassException(ObjectStreamClass.java:171) ~[na:na]
	at java.base/java.io.ObjectStreamClass.checkDeserialize(ObjectStreamClass.java:790) ~[na:na]
	at java.base/java.io.ObjectInputStream.readOrdinaryObject(ObjectInputStream.java:2249) ~[na:na]
	at java.base/java.io.ObjectInputStream.readObject0(ObjectInputStream.java:1760) ~[na:na]
	at java.base/java.io.ObjectInputStream$FieldValues.<init>(ObjectInputStream.java:2614) ~[na:na]
	at java.base/java.io.ObjectInputStream.readSerialData(ObjectInputStream.java:2465) ~[na:na]
	at java.base/java.io.ObjectInputStream.readOrdinaryObject(ObjectInputStream.java:2280) ~[na:na]
	at java.base/java.io.ObjectInputStream.readObject0(ObjectInputStream.java:1760) ~[na:na]
	at java.base/java.io.ObjectInputStream$FieldValues.<init>(ObjectInputStream.java:2614) ~[na:na]
	at java.base/java.io.ObjectInputStream.readSerialData(ObjectInputStream.java:2465) ~[na:na]
	at java.base/java.io.ObjectInputStream.readOrdinaryObject(ObjectInputStream.java:2280) ~[na:na]
	at java.base/java.io.ObjectInputStream.readObject0(ObjectInputStream.java:1760) ~[na:na]
	at java.base/java.io.ObjectInputStream$FieldValues.<init>(ObjectInputStream.java:2614) ~[na:na]
	at java.base/java.io.ObjectInputStream.readSerialData(ObjectInputStream.java:2465) ~[na:na]
	at java.base/java.io.ObjectInputStream.readOrdinaryObject(ObjectInputStream.java:2280) ~[na:na]
	at java.base/java.io.ObjectInputStream.readObject0(ObjectInputStream.java:1760) ~[na:na]
	at java.base/java.io.ObjectInputStream.readObject(ObjectInputStream.java:538) ~[na:na]
	at java.base/java.io.ObjectInputStream.readObject(ObjectInputStream.java:496) ~[na:na]
	at org.springframework.core.serializer.DefaultDeserializer.deserialize(DefaultDeserializer.java:72) ~[photo-service.jar:na]
	at org.springframework.core.serializer.support.DeserializingConverter.convert(DeserializingConverter.java:75) ~[photo-service.jar:na]
	at org.springframework.core.serializer.support.DeserializingConverter.convert(DeserializingConverter.java:37) ~[photo-service.jar:na]
	at org.springframework.data.redis.serializer.JdkSerializationRedisSerializer.deserialize(JdkSerializationRedisSerializer.java:82) ~[spring-data-redis-3.1.2.jar:3.1.2]
	at org.springframework.data.redis.serializer.DefaultRedisElementReader.read(DefaultRedisElementReader.java:46) ~[spring-data-redis-3.1.2.jar:3.1.2]
	at org.springframework.data.redis.serializer.RedisSerializationContext$SerializationPair.read(RedisSerializationContext.java:272) ~[spring-data-redis-3.1.2.jar:3.1.2]
	at org.springframework.data.redis.cache.RedisCache.deserializeCacheValue(RedisCache.java:294) ~[spring-data-redis-3.1.2.jar:3.1.2]
	at org.springframework.data.redis.cache.RedisCache.lookup(RedisCache.java:169) ~[spring-data-redis-3.1.2.jar:3.1.2]
	at org.springframework.cache.support.AbstractValueAdaptingCache.get(AbstractValueAdaptingCache.java:58) ~[photo-service.jar:na]
	at org.springframework.data.redis.cache.RedisCache.get(RedisCache.java:133) ~[spring-data-redis-3.1.2.jar:3.1.2]
	at org.springframework.cache.interceptor.CacheAspectSupport.handleSynchronizedGet(CacheAspectSupport.java:442) ~[photo-service.jar:na]
	at org.springframework.cache.interceptor.CacheAspectSupport.execute(CacheAspectSupport.java:382) ~[photo-service.jar:na]
	at org.springframework.cache.interceptor.CacheAspectSupport.execute(CacheAspectSupport.java:345) ~[photo-service.jar:na]
	at org.springframework.cache.interceptor.CacheInterceptor.invoke(CacheInterceptor.java:64) ~[photo-service.jar:na]
	at org.springframework.aop.framework.ReflectiveMethodInvocation.proceed(ReflectiveMethodInvocation.java:184) ~[photo-service.jar:na]
	at org.springframework.aop.framework.CglibAopProxy$CglibMethodInvocation.proceed(CglibAopProxy.java:756) ~[photo-service.jar:na]
	at org.springframework.aop.framework.CglibAopProxy$DynamicAdvisedInterceptor.intercept(CglibAopProxy.java:708) ~[photo-service.jar:na]
	at com.kishko.userservice.services.UserServiceImpl$$SpringCGLIB$$0.getUserById(<generated>) ~[classes/:na]
	at com.kishko.userservice.controllers.UserController.getUserById(UserController.java:42) ~[classes/:na]
	at java.base/jdk.internal.reflect.DirectMethodHandleAccessor.invoke(DirectMethodHandleAccessor.java:104) ~[na:na]
	at java.base/java.lang.reflect.Method.invoke(Method.java:578) ~[na:na]
	at org.springframework.web.method.support.InvocableHandlerMethod.doInvoke(InvocableHandlerMethod.java:207) ~[photo-service.jar:na]
	at org.springframework.web.method.support.InvocableHandlerMethod.invokeForRequest(InvocableHandlerMethod.java:152) ~[photo-service.jar:na]
	at org.springframework.web.servlet.mvc.method.annotation.ServletInvocableHandlerMethod.invokeAndHandle(ServletInvocableHandlerMethod.java:118) ~[photo-service.jar:na]
	at org.springframework.web.servlet.mvc.method.annotation.RequestMappingHandlerAdapter.invokeHandlerMethod(RequestMappingHandlerAdapter.java:884) ~[photo-service.jar:na]
	at org.springframework.web.servlet.mvc.method.annotation.RequestMappingHandlerAdapter.handleInternal(RequestMappingHandlerAdapter.java:797) ~[photo-service.jar:na]
	at org.springframework.web.servlet.mvc.method.AbstractHandlerMethodAdapter.handle(AbstractHandlerMethodAdapter.java:87) ~[photo-service.jar:na]
	at org.springframework.web.servlet.DispatcherServlet.doDispatch(DispatcherServlet.java:1081) ~[photo-service.jar:na]
	at org.springframework.web.servlet.DispatcherServlet.doService(DispatcherServlet.java:974) ~[photo-service.jar:na]
	at org.springframework.web.servlet.FrameworkServlet.processRequest(FrameworkServlet.java:1011) ~[photo-service.jar:na]
	at org.springframework.web.servlet.FrameworkServlet.doGet(FrameworkServlet.java:903) ~[photo-service.jar:na]
	at jakarta.servlet.http.HttpServlet.service(HttpServlet.java:564) ~[photo-service.jar:na]
	at org.springframework.web.servlet.FrameworkServlet.service(FrameworkServlet.java:885) ~[photo-service.jar:na]
	at jakarta.servlet.http.HttpServlet.service(HttpServlet.java:658) ~[photo-service.jar:na]
	at org.apache.catalina.core.ApplicationFilterChain.internalDoFilter(ApplicationFilterChain.java:205) ~[photo-service.jar:na]
	at org.apache.catalina.core.ApplicationFilterChain.doFilter(ApplicationFilterChain.java:149) ~[photo-service.jar:na]
	at org.apache.tomcat.websocket.server.WsFilter.doFilter(WsFilter.java:51) ~[photo-service.jar:na]
	at org.apache.catalina.core.ApplicationFilterChain.internalDoFilter(ApplicationFilterChain.java:174) ~[photo-service.jar:na]
	at org.apache.catalina.core.ApplicationFilterChain.doFilter(ApplicationFilterChain.java:149) ~[photo-service.jar:na]
	at org.springframework.web.filter.RequestContextFilter.doFilterInternal(RequestContextFilter.java:100) ~[photo-service.jar:na]
	at org.springframework.web.filter.OncePerRequestFilter.doFilter(OncePerRequestFilter.java:116) ~[photo-service.jar:na]
	at org.apache.catalina.core.ApplicationFilterChain.internalDoFilter(ApplicationFilterChain.java:174) ~[photo-service.jar:na]
	at org.apache.catalina.core.ApplicationFilterChain.doFilter(ApplicationFilterChain.java:149) ~[photo-service.jar:na]
	at org.springframework.web.filter.FormContentFilter.doFilterInternal(FormContentFilter.java:93) ~[photo-service.jar:na]
	at org.springframework.web.filter.OncePerRequestFilter.doFilter(OncePerRequestFilter.java:116) ~[photo-service.jar:na]
	at org.apache.catalina.core.ApplicationFilterChain.internalDoFilter(ApplicationFilterChain.java:174) ~[photo-service.jar:na]
	at org.apache.catalina.core.ApplicationFilterChain.doFilter(ApplicationFilterChain.java:149) ~[photo-service.jar:na]
	at org.springframework.web.filter.CharacterEncodingFilter.doFilterInternal(CharacterEncodingFilter.java:201) ~[photo-service.jar:na]
	at org.springframework.web.filter.OncePerRequestFilter.doFilter(OncePerRequestFilter.java:116) ~[photo-service.jar:na]
	at org.apache.catalina.core.ApplicationFilterChain.internalDoFilter(ApplicationFilterChain.java:174) ~[photo-service.jar:na]
	at org.apache.catalina.core.ApplicationFilterChain.doFilter(ApplicationFilterChain.java:149) ~[photo-service.jar:na]
	at org.apache.catalina.core.StandardWrapperValve.invoke(StandardWrapperValve.java:166) ~[photo-service.jar:na]
	at org.apache.catalina.core.StandardContextValve.invoke(StandardContextValve.java:90) ~[photo-service.jar:na]
	at org.apache.catalina.authenticator.AuthenticatorBase.invoke(AuthenticatorBase.java:482) ~[photo-service.jar:na]
	at org.apache.catalina.core.StandardHostValve.invoke(StandardHostValve.java:115) ~[photo-service.jar:na]
	at org.apache.catalina.valves.ErrorReportValve.invoke(ErrorReportValve.java:93) ~[photo-service.jar:na]
	at org.apache.catalina.core.StandardEngineValve.invoke(StandardEngineValve.java:74) ~[photo-service.jar:na]
	at org.apache.catalina.connector.CoyoteAdapter.service(CoyoteAdapter.java:341) ~[photo-service.jar:na]
	at org.apache.coyote.http11.Http11Processor.service(Http11Processor.java:391) ~[photo-service.jar:na]
	at org.apache.coyote.AbstractProcessorLight.process(AbstractProcessorLight.java:63) ~[photo-service.jar:na]
	at org.apache.coyote.AbstractProtocol$ConnectionHandler.process(AbstractProtocol.java:894) ~[photo-service.jar:na]
	at org.apache.tomcat.util.net.NioEndpoint$SocketProcessor.doRun(NioEndpoint.java:1741) ~[photo-service.jar:na]
	at org.apache.tomcat.util.net.SocketProcessorBase.run(SocketProcessorBase.java:52) ~[photo-service.jar:na]
	at org.apache.tomcat.util.threads.ThreadPoolExecutor.runWorker(ThreadPoolExecutor.java:1191) ~[photo-service.jar:na]
	at org.apache.tomcat.util.threads.ThreadPoolExecutor$Worker.run(ThreadPoolExecutor.java:659) ~[photo-service.jar:na]
	at org.apache.tomcat.util.threads.TaskThread$WrappingRunnable.run(TaskThread.java:61) ~[photo-service.jar:na]
	at java.base/java.lang.Thread.run(Thread.java:1623) ~[na:na]

2023-07-19T22:45:37.042+03:00  INFO 19324 --- [org.springframework.amqp.rabbit.RabbitListenerEndpointContainer#0-2] o.s.a.r.l.SimpleMessageListenerContainer : Waiting for workers to finish.
2023-07-19T22:45:37.365+03:00  INFO 19324 --- [org.springframework.amqp.rabbit.RabbitListenerEndpointContainer#0-2] o.s.a.r.l.SimpleMessageListenerContainer : Successfully waited for workers to finish.
2023-07-19T22:45:37.380+03:00  INFO 19324 --- [SpringApplicationShutdownHook] o.s.a.r.l.SimpleMessageListenerContainer : Shutdown ignored - container is already stopped
2023-07-19T22:45:37.433+03:00  INFO 19324 --- [SpringApplicationShutdownHook] j.LocalContainerEntityManagerFactoryBean : Closing JPA EntityManagerFactory for persistence unit 'default'
2023-07-19T22:45:37.438+03:00  INFO 19324 --- [SpringApplicationShutdownHook] com.zaxxer.hikari.HikariDataSource       : HikariPool-1 - Shutdown initiated...
2023-07-19T22:45:37.817+03:00  INFO 19324 --- [SpringApplicationShutdownHook] com.zaxxer.hikari.HikariDataSource       : HikariPool-1 - Shutdown completed.
