2023-07-19T18:21:52.532+04:00  INFO 18128 --- [restartedMain] c.k.userservice.UserServiceApplication   : Starting UserServiceApplication using Java 20.0.1 with PID 18128 (C:\Users\kishk\Desktop\SSTU-SUMMER-PRACTICE\summerPracticeSSTU\user-service\target\classes started by kishk in C:\Users\kishk\Desktop\SSTU-SUMMER-PRACTICE\summerPracticeSSTU\user-service)
2023-07-19T18:21:52.535+04:00  INFO 18128 --- [restartedMain] c.k.userservice.UserServiceApplication   : No active profile set, falling back to 1 default profile: "default"
2023-07-19T18:21:52.593+04:00  INFO 18128 --- [restartedMain] .e.DevToolsPropertyDefaultsPostProcessor : Devtools property defaults active! Set 'spring.devtools.add-properties' to 'false' to disable
2023-07-19T18:21:53.005+04:00  INFO 18128 --- [restartedMain] .e.DevToolsPropertyDefaultsPostProcessor : For additional web related logging consider setting the 'logging.level.web' property to 'DEBUG'
2023-07-19T18:21:53.913+04:00  INFO 18128 --- [restartedMain] .s.d.r.c.RepositoryConfigurationDelegate : Multiple Spring Data modules found, entering strict repository configuration mode
2023-07-19T18:21:53.913+04:00  INFO 18128 --- [restartedMain] .s.d.r.c.RepositoryConfigurationDelegate : Bootstrapping Spring Data JPA repositories in DEFAULT mode.
2023-07-19T18:21:54.139+04:00  INFO 18128 --- [restartedMain] .s.d.r.c.RepositoryConfigurationDelegate : Finished Spring Data repository scanning in 216 ms. Found 4 JPA repository interfaces.
2023-07-19T18:21:54.492+04:00  INFO 18128 --- [restartedMain] .s.d.r.c.RepositoryConfigurationDelegate : Multiple Spring Data modules found, entering strict repository configuration mode
2023-07-19T18:21:54.494+04:00  INFO 18128 --- [restartedMain] .s.d.r.c.RepositoryConfigurationDelegate : Bootstrapping Spring Data Redis repositories in DEFAULT mode.
2023-07-19T18:21:54.528+04:00  INFO 18128 --- [restartedMain] .RepositoryConfigurationExtensionSupport : Spring Data Redis - Could not safely identify store assignment for repository candidate interface com.kishko.photoservice.repositories.AttachmentRepository; If you want this repository to be a Redis repository, consider annotating your entities with one of these annotations: org.springframework.data.redis.core.RedisHash (preferred), or consider extending one of the following types with your repository: org.springframework.data.keyvalue.repository.KeyValueRepository
2023-07-19T18:21:54.544+04:00  INFO 18128 --- [restartedMain] .RepositoryConfigurationExtensionSupport : Spring Data Redis - Could not safely identify store assignment for repository candidate interface com.kishko.userservice.repositories.AdvancedStockRepository; If you want this repository to be a Redis repository, consider annotating your entities with one of these annotations: org.springframework.data.redis.core.RedisHash (preferred), or consider extending one of the following types with your repository: org.springframework.data.keyvalue.repository.KeyValueRepository
2023-07-19T18:21:54.545+04:00  INFO 18128 --- [restartedMain] .RepositoryConfigurationExtensionSupport : Spring Data Redis - Could not safely identify store assignment for repository candidate interface com.kishko.userservice.repositories.StockRepository; If you want this repository to be a Redis repository, consider annotating your entities with one of these annotations: org.springframework.data.redis.core.RedisHash (preferred), or consider extending one of the following types with your repository: org.springframework.data.keyvalue.repository.KeyValueRepository
2023-07-19T18:21:54.545+04:00  INFO 18128 --- [restartedMain] .RepositoryConfigurationExtensionSupport : Spring Data Redis - Could not safely identify store assignment for repository candidate interface com.kishko.userservice.repositories.UserRepository; If you want this repository to be a Redis repository, consider annotating your entities with one of these annotations: org.springframework.data.redis.core.RedisHash (preferred), or consider extending one of the following types with your repository: org.springframework.data.keyvalue.repository.KeyValueRepository
2023-07-19T18:21:54.710+04:00  INFO 18128 --- [restartedMain] .s.d.r.c.RepositoryConfigurationDelegate : Finished Spring Data repository scanning in 205 ms. Found 0 Redis repository interfaces.
2023-07-19T18:21:55.538+04:00  INFO 18128 --- [restartedMain] o.s.b.w.embedded.tomcat.TomcatWebServer  : Tomcat initialized with port(s): 8080 (http)
2023-07-19T18:21:55.550+04:00  INFO 18128 --- [restartedMain] o.apache.catalina.core.StandardService   : Starting service [Tomcat]
2023-07-19T18:21:55.550+04:00  INFO 18128 --- [restartedMain] o.apache.catalina.core.StandardEngine    : Starting Servlet engine: [Apache Tomcat/10.1.10]
2023-07-19T18:21:55.643+04:00  INFO 18128 --- [restartedMain] o.a.c.c.C.[Tomcat].[localhost].[/]       : Initializing Spring embedded WebApplicationContext
2023-07-19T18:21:55.644+04:00  INFO 18128 --- [restartedMain] w.s.c.ServletWebServerApplicationContext : Root WebApplicationContext: initialization completed in 2639 ms
2023-07-19T18:21:55.686+04:00  INFO 18128 --- [restartedMain] com.zaxxer.hikari.HikariDataSource       : HikariPool-1 - Starting...
2023-07-19T18:21:56.336+04:00  INFO 18128 --- [restartedMain] com.zaxxer.hikari.pool.HikariPool        : HikariPool-1 - Added connection org.postgresql.jdbc.PgConnection@55a2d6e1
2023-07-19T18:21:56.338+04:00  INFO 18128 --- [restartedMain] com.zaxxer.hikari.HikariDataSource       : HikariPool-1 - Start completed.
2023-07-19T18:21:56.352+04:00  INFO 18128 --- [restartedMain] o.s.b.a.h2.H2ConsoleAutoConfiguration    : H2 console available at '/h2-console'. Database available at 'jdbc:postgresql://84.38.183.185:5432/postgres'
2023-07-19T18:21:56.608+04:00  INFO 18128 --- [restartedMain] o.hibernate.jpa.internal.util.LogHelper  : HHH000204: Processing PersistenceUnitInfo [name: default]
2023-07-19T18:21:56.680+04:00  INFO 18128 --- [restartedMain] org.hibernate.Version                    : HHH000412: Hibernate ORM core version [WORKING]
2023-07-19T18:21:56.682+04:00  INFO 18128 --- [restartedMain] org.hibernate.cfg.Environment            : HHH000406: Using bytecode reflection optimizer
2023-07-19T18:21:56.869+04:00  INFO 18128 --- [restartedMain] o.h.b.i.BytecodeProviderInitiator        : HHH000021: Bytecode provider name : bytebuddy
2023-07-19T18:21:57.046+04:00  INFO 18128 --- [restartedMain] o.s.o.j.p.SpringPersistenceUnitInfo      : No LoadTimeWeaver setup: ignoring JPA class transformer
2023-07-19T18:21:57.559+04:00  INFO 18128 --- [restartedMain] o.h.b.i.BytecodeProviderInitiator        : HHH000021: Bytecode provider name : bytebuddy
2023-07-19T18:21:58.468+04:00  INFO 18128 --- [restartedMain] o.h.e.t.j.p.i.JtaPlatformInitiator       : HHH000490: Using JtaPlatform implementation: [org.hibernate.engine.transaction.jta.platform.internal.NoJtaPlatform]
2023-07-19T18:21:59.777+04:00  INFO 18128 --- [restartedMain] j.LocalContainerEntityManagerFactoryBean : Initialized JPA EntityManagerFactory for persistence unit 'default'
2023-07-19T18:22:00.847+04:00  WARN 18128 --- [restartedMain] JpaBaseConfiguration$JpaWebConfiguration : spring.jpa.open-in-view is enabled by default. Therefore, database queries may be performed during view rendering. Explicitly configure spring.jpa.open-in-view to disable this warning
2023-07-19T18:22:02.478+04:00  INFO 18128 --- [restartedMain] o.s.b.d.a.OptionalLiveReloadServer       : LiveReload server is running on port 35729
2023-07-19T18:22:02.515+04:00  WARN 18128 --- [restartedMain] ocalVariableTableParameterNameDiscoverer : Using deprecated '-debug' fallback for parameter name resolution. Compile the affected code with '-parameters' instead or avoid its introspection: org.springframework.amqp.rabbit.core.RabbitAdmin
2023-07-19T18:22:02.593+04:00  INFO 18128 --- [restartedMain] o.s.b.w.embedded.tomcat.TomcatWebServer  : Tomcat started on port(s): 8080 (http) with context path ''
2023-07-19T18:22:02.598+04:00  INFO 18128 --- [restartedMain] o.s.a.r.c.CachingConnectionFactory       : Attempting to connect to: [hawk.rmq.cloudamqp.com:5671]
2023-07-19T18:22:02.983+04:00  INFO 18128 --- [restartedMain] o.s.a.r.c.CachingConnectionFactory       : Created new connection: rabbitConnectionFactory#1e243736:0/SimpleConnection@74e504ea [delegate=amqp://tblsugde@13.50.160.243:5671/tblsugde, localPort=57007]
2023-07-19T18:22:03.392+04:00  INFO 18128 --- [restartedMain] c.k.userservice.UserServiceApplication   : Started UserServiceApplication in 12.946 seconds (process running for 14.026)
2023-07-19T18:22:09.169+04:00  INFO 18128 --- [org.springframework.amqp.rabbit.RabbitListenerEndpointContainer#0-2] o.s.a.r.l.SimpleMessageListenerContainer : Waiting for workers to finish.
2023-07-19T18:22:09.461+04:00  INFO 18128 --- [org.springframework.amqp.rabbit.RabbitListenerEndpointContainer#0-2] o.s.a.r.l.SimpleMessageListenerContainer : Successfully waited for workers to finish.
2023-07-19T18:22:09.476+04:00  INFO 18128 --- [SpringApplicationShutdownHook] o.s.a.r.l.SimpleMessageListenerContainer : Shutdown ignored - container is already stopped
2023-07-19T18:22:09.526+04:00  INFO 18128 --- [SpringApplicationShutdownHook] j.LocalContainerEntityManagerFactoryBean : Closing JPA EntityManagerFactory for persistence unit 'default'
2023-07-19T18:22:09.530+04:00  INFO 18128 --- [SpringApplicationShutdownHook] com.zaxxer.hikari.HikariDataSource       : HikariPool-1 - Shutdown initiated...
2023-07-19T18:22:09.914+04:00  INFO 18128 --- [SpringApplicationShutdownHook] com.zaxxer.hikari.HikariDataSource       : HikariPool-1 - Shutdown completed.
2023-07-19T18:22:13.488+04:00  INFO 12132 --- [restartedMain] c.k.userservice.UserServiceApplication   : Starting UserServiceApplication using Java 20.0.1 with PID 12132 (C:\Users\kishk\Desktop\SSTU-SUMMER-PRACTICE\summerPracticeSSTU\user-service\target\classes started by kishk in C:\Users\kishk\Desktop\SSTU-SUMMER-PRACTICE\summerPracticeSSTU\user-service)
2023-07-19T18:22:13.490+04:00  INFO 12132 --- [restartedMain] c.k.userservice.UserServiceApplication   : No active profile set, falling back to 1 default profile: "default"
2023-07-19T18:22:13.546+04:00  INFO 12132 --- [restartedMain] .e.DevToolsPropertyDefaultsPostProcessor : Devtools property defaults active! Set 'spring.devtools.add-properties' to 'false' to disable
2023-07-19T18:22:13.547+04:00  INFO 12132 --- [restartedMain] .e.DevToolsPropertyDefaultsPostProcessor : For additional web related logging consider setting the 'logging.level.web' property to 'DEBUG'
2023-07-19T18:22:14.459+04:00  INFO 12132 --- [restartedMain] .s.d.r.c.RepositoryConfigurationDelegate : Multiple Spring Data modules found, entering strict repository configuration mode
2023-07-19T18:22:14.460+04:00  INFO 12132 --- [restartedMain] .s.d.r.c.RepositoryConfigurationDelegate : Bootstrapping Spring Data JPA repositories in DEFAULT mode.
2023-07-19T18:22:14.686+04:00  INFO 12132 --- [restartedMain] .s.d.r.c.RepositoryConfigurationDelegate : Finished Spring Data repository scanning in 216 ms. Found 4 JPA repository interfaces.
2023-07-19T18:22:15.035+04:00  INFO 12132 --- [restartedMain] .s.d.r.c.RepositoryConfigurationDelegate : Multiple Spring Data modules found, entering strict repository configuration mode
2023-07-19T18:22:15.037+04:00  INFO 12132 --- [restartedMain] .s.d.r.c.RepositoryConfigurationDelegate : Bootstrapping Spring Data Redis repositories in DEFAULT mode.
2023-07-19T18:22:15.068+04:00  INFO 12132 --- [restartedMain] .RepositoryConfigurationExtensionSupport : Spring Data Redis - Could not safely identify store assignment for repository candidate interface com.kishko.photoservice.repositories.AttachmentRepository; If you want this repository to be a Redis repository, consider annotating your entities with one of these annotations: org.springframework.data.redis.core.RedisHash (preferred), or consider extending one of the following types with your repository: org.springframework.data.keyvalue.repository.KeyValueRepository
2023-07-19T18:22:15.087+04:00  INFO 12132 --- [restartedMain] .RepositoryConfigurationExtensionSupport : Spring Data Redis - Could not safely identify store assignment for repository candidate interface com.kishko.userservice.repositories.AdvancedStockRepository; If you want this repository to be a Redis repository, consider annotating your entities with one of these annotations: org.springframework.data.redis.core.RedisHash (preferred), or consider extending one of the following types with your repository: org.springframework.data.keyvalue.repository.KeyValueRepository
2023-07-19T18:22:15.087+04:00  INFO 12132 --- [restartedMain] .RepositoryConfigurationExtensionSupport : Spring Data Redis - Could not safely identify store assignment for repository candidate interface com.kishko.userservice.repositories.StockRepository; If you want this repository to be a Redis repository, consider annotating your entities with one of these annotations: org.springframework.data.redis.core.RedisHash (preferred), or consider extending one of the following types with your repository: org.springframework.data.keyvalue.repository.KeyValueRepository
2023-07-19T18:22:15.087+04:00  INFO 12132 --- [restartedMain] .RepositoryConfigurationExtensionSupport : Spring Data Redis - Could not safely identify store assignment for repository candidate interface com.kishko.userservice.repositories.UserRepository; If you want this repository to be a Redis repository, consider annotating your entities with one of these annotations: org.springframework.data.redis.core.RedisHash (preferred), or consider extending one of the following types with your repository: org.springframework.data.keyvalue.repository.KeyValueRepository
2023-07-19T18:22:15.088+04:00  INFO 12132 --- [restartedMain] .s.d.r.c.RepositoryConfigurationDelegate : Finished Spring Data repository scanning in 40 ms. Found 0 Redis repository interfaces.
2023-07-19T18:22:15.947+04:00  INFO 12132 --- [restartedMain] o.s.b.w.embedded.tomcat.TomcatWebServer  : Tomcat initialized with port(s): 8080 (http)
2023-07-19T18:22:15.959+04:00  INFO 12132 --- [restartedMain] o.apache.catalina.core.StandardService   : Starting service [Tomcat]
2023-07-19T18:22:15.959+04:00  INFO 12132 --- [restartedMain] o.apache.catalina.core.StandardEngine    : Starting Servlet engine: [Apache Tomcat/10.1.10]
2023-07-19T18:22:16.056+04:00  INFO 12132 --- [restartedMain] o.a.c.c.C.[Tomcat].[localhost].[/]       : Initializing Spring embedded WebApplicationContext
2023-07-19T18:22:16.057+04:00  INFO 12132 --- [restartedMain] w.s.c.ServletWebServerApplicationContext : Root WebApplicationContext: initialization completed in 2510 ms
2023-07-19T18:22:16.101+04:00  INFO 12132 --- [restartedMain] com.zaxxer.hikari.HikariDataSource       : HikariPool-1 - Starting...
2023-07-19T18:22:16.755+04:00  INFO 12132 --- [restartedMain] com.zaxxer.hikari.pool.HikariPool        : HikariPool-1 - Added connection org.postgresql.jdbc.PgConnection@4e1c570b
2023-07-19T18:22:16.757+04:00  INFO 12132 --- [restartedMain] com.zaxxer.hikari.HikariDataSource       : HikariPool-1 - Start completed.
2023-07-19T18:22:16.771+04:00  INFO 12132 --- [restartedMain] o.s.b.a.h2.H2ConsoleAutoConfiguration    : H2 console available at '/h2-console'. Database available at 'jdbc:postgresql://84.38.183.185:5432/postgres'
2023-07-19T18:22:17.030+04:00  INFO 12132 --- [restartedMain] o.hibernate.jpa.internal.util.LogHelper  : HHH000204: Processing PersistenceUnitInfo [name: default]
2023-07-19T18:22:17.103+04:00  INFO 12132 --- [restartedMain] org.hibernate.Version                    : HHH000412: Hibernate ORM core version [WORKING]
2023-07-19T18:22:17.105+04:00  INFO 12132 --- [restartedMain] org.hibernate.cfg.Environment            : HHH000406: Using bytecode reflection optimizer
2023-07-19T18:22:17.296+04:00  INFO 12132 --- [restartedMain] o.h.b.i.BytecodeProviderInitiator        : HHH000021: Bytecode provider name : bytebuddy
2023-07-19T18:22:17.474+04:00  INFO 12132 --- [restartedMain] o.s.o.j.p.SpringPersistenceUnitInfo      : No LoadTimeWeaver setup: ignoring JPA class transformer
2023-07-19T18:22:17.992+04:00  INFO 12132 --- [restartedMain] o.h.b.i.BytecodeProviderInitiator        : HHH000021: Bytecode provider name : bytebuddy
2023-07-19T18:22:18.920+04:00  INFO 12132 --- [restartedMain] o.h.e.t.j.p.i.JtaPlatformInitiator       : HHH000490: Using JtaPlatform implementation: [org.hibernate.engine.transaction.jta.platform.internal.NoJtaPlatform]
2023-07-19T18:22:20.006+04:00  INFO 12132 --- [restartedMain] j.LocalContainerEntityManagerFactoryBean : Initialized JPA EntityManagerFactory for persistence unit 'default'
2023-07-19T18:22:21.123+04:00  WARN 12132 --- [restartedMain] JpaBaseConfiguration$JpaWebConfiguration : spring.jpa.open-in-view is enabled by default. Therefore, database queries may be performed during view rendering. Explicitly configure spring.jpa.open-in-view to disable this warning
2023-07-19T18:22:22.763+04:00  INFO 12132 --- [restartedMain] o.s.b.d.a.OptionalLiveReloadServer       : LiveReload server is running on port 35729
2023-07-19T18:22:22.801+04:00  WARN 12132 --- [restartedMain] ocalVariableTableParameterNameDiscoverer : Using deprecated '-debug' fallback for parameter name resolution. Compile the affected code with '-parameters' instead or avoid its introspection: org.springframework.amqp.rabbit.core.RabbitAdmin
2023-07-19T18:22:23.194+04:00  INFO 12132 --- [restartedMain] o.s.b.w.embedded.tomcat.TomcatWebServer  : Tomcat started on port(s): 8080 (http) with context path ''
2023-07-19T18:22:23.198+04:00  INFO 12132 --- [restartedMain] o.s.a.r.c.CachingConnectionFactory       : Attempting to connect to: [hawk.rmq.cloudamqp.com:5671]
2023-07-19T18:22:23.610+04:00  INFO 12132 --- [restartedMain] o.s.a.r.c.CachingConnectionFactory       : Created new connection: rabbitConnectionFactory#3fba084d:0/SimpleConnection@72f4e573 [delegate=amqp://tblsugde@13.50.160.243:5671/tblsugde, localPort=57031]
2023-07-19T18:22:24.050+04:00  INFO 12132 --- [restartedMain] c.k.userservice.UserServiceApplication   : Started UserServiceApplication in 11.139 seconds (process running for 12.052)
2023-07-19T18:22:54.098+04:00  INFO 12132 --- [org.springframework.amqp.rabbit.RabbitListenerEndpointContainer#0-2] o.s.a.r.l.SimpleMessageListenerContainer : Waiting for workers to finish.
2023-07-19T18:22:54.350+04:00  INFO 12132 --- [org.springframework.amqp.rabbit.RabbitListenerEndpointContainer#0-2] o.s.a.r.l.SimpleMessageListenerContainer : Successfully waited for workers to finish.
2023-07-19T18:22:54.367+04:00  INFO 12132 --- [SpringApplicationShutdownHook] o.s.a.r.l.SimpleMessageListenerContainer : Shutdown ignored - container is already stopped
2023-07-19T18:22:54.422+04:00  INFO 12132 --- [SpringApplicationShutdownHook] j.LocalContainerEntityManagerFactoryBean : Closing JPA EntityManagerFactory for persistence unit 'default'
2023-07-19T18:22:54.426+04:00  INFO 12132 --- [SpringApplicationShutdownHook] com.zaxxer.hikari.HikariDataSource       : HikariPool-1 - Shutdown initiated...
2023-07-19T18:22:54.801+04:00  INFO 12132 --- [SpringApplicationShutdownHook] com.zaxxer.hikari.HikariDataSource       : HikariPool-1 - Shutdown completed.
2023-07-19T18:22:58.527+04:00  INFO 10724 --- [restartedMain] c.k.userservice.UserServiceApplication   : Starting UserServiceApplication using Java 20.0.1 with PID 10724 (C:\Users\kishk\Desktop\SSTU-SUMMER-PRACTICE\summerPracticeSSTU\user-service\target\classes started by kishk in C:\Users\kishk\Desktop\SSTU-SUMMER-PRACTICE\summerPracticeSSTU\user-service)
2023-07-19T18:22:58.529+04:00  INFO 10724 --- [restartedMain] c.k.userservice.UserServiceApplication   : No active profile set, falling back to 1 default profile: "default"
2023-07-19T18:22:58.589+04:00  INFO 10724 --- [restartedMain] .e.DevToolsPropertyDefaultsPostProcessor : Devtools property defaults active! Set 'spring.devtools.add-properties' to 'false' to disable
2023-07-19T18:22:58.589+04:00  INFO 10724 --- [restartedMain] .e.DevToolsPropertyDefaultsPostProcessor : For additional web related logging consider setting the 'logging.level.web' property to 'DEBUG'
2023-07-19T18:22:59.523+04:00  INFO 10724 --- [restartedMain] .s.d.r.c.RepositoryConfigurationDelegate : Multiple Spring Data modules found, entering strict repository configuration mode
2023-07-19T18:22:59.523+04:00  INFO 10724 --- [restartedMain] .s.d.r.c.RepositoryConfigurationDelegate : Bootstrapping Spring Data JPA repositories in DEFAULT mode.
2023-07-19T18:22:59.759+04:00  INFO 10724 --- [restartedMain] .s.d.r.c.RepositoryConfigurationDelegate : Finished Spring Data repository scanning in 225 ms. Found 4 JPA repository interfaces.
2023-07-19T18:23:00.128+04:00  INFO 10724 --- [restartedMain] .s.d.r.c.RepositoryConfigurationDelegate : Multiple Spring Data modules found, entering strict repository configuration mode
2023-07-19T18:23:00.129+04:00  INFO 10724 --- [restartedMain] .s.d.r.c.RepositoryConfigurationDelegate : Bootstrapping Spring Data Redis repositories in DEFAULT mode.
2023-07-19T18:23:00.165+04:00  INFO 10724 --- [restartedMain] .RepositoryConfigurationExtensionSupport : Spring Data Redis - Could not safely identify store assignment for repository candidate interface com.kishko.photoservice.repositories.AttachmentRepository; If you want this repository to be a Redis repository, consider annotating your entities with one of these annotations: org.springframework.data.redis.core.RedisHash (preferred), or consider extending one of the following types with your repository: org.springframework.data.keyvalue.repository.KeyValueRepository
2023-07-19T18:23:00.182+04:00  INFO 10724 --- [restartedMain] .RepositoryConfigurationExtensionSupport : Spring Data Redis - Could not safely identify store assignment for repository candidate interface com.kishko.userservice.repositories.AdvancedStockRepository; If you want this repository to be a Redis repository, consider annotating your entities with one of these annotations: org.springframework.data.redis.core.RedisHash (preferred), or consider extending one of the following types with your repository: org.springframework.data.keyvalue.repository.KeyValueRepository
2023-07-19T18:23:00.182+04:00  INFO 10724 --- [restartedMain] .RepositoryConfigurationExtensionSupport : Spring Data Redis - Could not safely identify store assignment for repository candidate interface com.kishko.userservice.repositories.StockRepository; If you want this repository to be a Redis repository, consider annotating your entities with one of these annotations: org.springframework.data.redis.core.RedisHash (preferred), or consider extending one of the following types with your repository: org.springframework.data.keyvalue.repository.KeyValueRepository
2023-07-19T18:23:00.183+04:00  INFO 10724 --- [restartedMain] .RepositoryConfigurationExtensionSupport : Spring Data Redis - Could not safely identify store assignment for repository candidate interface com.kishko.userservice.repositories.UserRepository; If you want this repository to be a Redis repository, consider annotating your entities with one of these annotations: org.springframework.data.redis.core.RedisHash (preferred), or consider extending one of the following types with your repository: org.springframework.data.keyvalue.repository.KeyValueRepository
2023-07-19T18:23:00.183+04:00  INFO 10724 --- [restartedMain] .s.d.r.c.RepositoryConfigurationDelegate : Finished Spring Data repository scanning in 42 ms. Found 0 Redis repository interfaces.
2023-07-19T18:23:01.036+04:00  INFO 10724 --- [restartedMain] o.s.b.w.embedded.tomcat.TomcatWebServer  : Tomcat initialized with port(s): 8080 (http)
2023-07-19T18:23:01.049+04:00  INFO 10724 --- [restartedMain] o.apache.catalina.core.StandardService   : Starting service [Tomcat]
2023-07-19T18:23:01.049+04:00  INFO 10724 --- [restartedMain] o.apache.catalina.core.StandardEngine    : Starting Servlet engine: [Apache Tomcat/10.1.10]
2023-07-19T18:23:01.147+04:00  INFO 10724 --- [restartedMain] o.a.c.c.C.[Tomcat].[localhost].[/]       : Initializing Spring embedded WebApplicationContext
2023-07-19T18:23:01.147+04:00  INFO 10724 --- [restartedMain] w.s.c.ServletWebServerApplicationContext : Root WebApplicationContext: initialization completed in 2558 ms
2023-07-19T18:23:01.191+04:00  INFO 10724 --- [restartedMain] com.zaxxer.hikari.HikariDataSource       : HikariPool-1 - Starting...
2023-07-19T18:23:01.850+04:00  INFO 10724 --- [restartedMain] com.zaxxer.hikari.pool.HikariPool        : HikariPool-1 - Added connection org.postgresql.jdbc.PgConnection@5abfa309
2023-07-19T18:23:01.853+04:00  INFO 10724 --- [restartedMain] com.zaxxer.hikari.HikariDataSource       : HikariPool-1 - Start completed.
2023-07-19T18:23:01.866+04:00  INFO 10724 --- [restartedMain] o.s.b.a.h2.H2ConsoleAutoConfiguration    : H2 console available at '/h2-console'. Database available at 'jdbc:postgresql://84.38.183.185:5432/postgres'
2023-07-19T18:23:02.132+04:00  INFO 10724 --- [restartedMain] o.hibernate.jpa.internal.util.LogHelper  : HHH000204: Processing PersistenceUnitInfo [name: default]
2023-07-19T18:23:02.206+04:00  INFO 10724 --- [restartedMain] org.hibernate.Version                    : HHH000412: Hibernate ORM core version [WORKING]
2023-07-19T18:23:02.209+04:00  INFO 10724 --- [restartedMain] org.hibernate.cfg.Environment            : HHH000406: Using bytecode reflection optimizer
2023-07-19T18:23:02.404+04:00  INFO 10724 --- [restartedMain] o.h.b.i.BytecodeProviderInitiator        : HHH000021: Bytecode provider name : bytebuddy
2023-07-19T18:23:02.591+04:00  INFO 10724 --- [restartedMain] o.s.o.j.p.SpringPersistenceUnitInfo      : No LoadTimeWeaver setup: ignoring JPA class transformer
2023-07-19T18:23:03.131+04:00  INFO 10724 --- [restartedMain] o.h.b.i.BytecodeProviderInitiator        : HHH000021: Bytecode provider name : bytebuddy
2023-07-19T18:23:04.075+04:00  INFO 10724 --- [restartedMain] o.h.e.t.j.p.i.JtaPlatformInitiator       : HHH000490: Using JtaPlatform implementation: [org.hibernate.engine.transaction.jta.platform.internal.NoJtaPlatform]
2023-07-19T18:23:05.175+04:00  INFO 10724 --- [restartedMain] j.LocalContainerEntityManagerFactoryBean : Initialized JPA EntityManagerFactory for persistence unit 'default'
2023-07-19T18:23:06.300+04:00  WARN 10724 --- [restartedMain] JpaBaseConfiguration$JpaWebConfiguration : spring.jpa.open-in-view is enabled by default. Therefore, database queries may be performed during view rendering. Explicitly configure spring.jpa.open-in-view to disable this warning
2023-07-19T18:23:08.025+04:00  INFO 10724 --- [restartedMain] o.s.b.d.a.OptionalLiveReloadServer       : LiveReload server is running on port 35729
2023-07-19T18:23:08.064+04:00  WARN 10724 --- [restartedMain] ocalVariableTableParameterNameDiscoverer : Using deprecated '-debug' fallback for parameter name resolution. Compile the affected code with '-parameters' instead or avoid its introspection: org.springframework.amqp.rabbit.core.RabbitAdmin
2023-07-19T18:23:08.144+04:00  INFO 10724 --- [restartedMain] o.s.b.w.embedded.tomcat.TomcatWebServer  : Tomcat started on port(s): 8080 (http) with context path ''
2023-07-19T18:23:08.149+04:00  INFO 10724 --- [restartedMain] o.s.a.r.c.CachingConnectionFactory       : Attempting to connect to: [hawk.rmq.cloudamqp.com:5671]
2023-07-19T18:23:08.544+04:00  INFO 10724 --- [restartedMain] o.s.a.r.c.CachingConnectionFactory       : Created new connection: rabbitConnectionFactory#1f4fc4a6:0/SimpleConnection@43f28a15 [delegate=amqp://tblsugde@13.50.160.243:5671/tblsugde, localPort=57065]
2023-07-19T18:23:09.050+04:00  INFO 10724 --- [restartedMain] c.k.userservice.UserServiceApplication   : Started UserServiceApplication in 11.123 seconds (process running for 12.139)
2023-07-19T18:23:23.369+04:00  INFO 10724 --- [http-nio-8080-exec-2] o.a.c.c.C.[Tomcat].[localhost].[/]       : Initializing Spring DispatcherServlet 'dispatcherServlet'
2023-07-19T18:23:23.369+04:00  INFO 10724 --- [http-nio-8080-exec-2] o.s.web.servlet.DispatcherServlet        : Initializing Servlet 'dispatcherServlet'
2023-07-19T18:23:23.371+04:00  INFO 10724 --- [http-nio-8080-exec-2] o.s.web.servlet.DispatcherServlet        : Completed initialization in 1 ms
2023-07-19T18:23:23.403+04:00  INFO 10724 --- [http-nio-8080-exec-2] c.k.u.controllers.UserController         : all users found
2023-07-19T18:23:35.492+04:00  INFO 10724 --- [http-nio-8080-exec-3] c.k.u.controllers.UserController         : found user with id: 1
2023-07-19T18:23:43.733+04:00  INFO 10724 --- [http-nio-8080-exec-4] c.k.u.controllers.UserController         : found user with id: 1
2023-07-19T18:26:08.398+04:00  INFO 10724 --- [org.springframework.amqp.rabbit.RabbitListenerEndpointContainer#0-2] o.s.a.r.l.SimpleMessageListenerContainer : Waiting for workers to finish.
2023-07-19T18:26:08.444+04:00  INFO 10724 --- [org.springframework.amqp.rabbit.RabbitListenerEndpointContainer#0-2] o.s.a.r.l.SimpleMessageListenerContainer : Successfully waited for workers to finish.
2023-07-19T18:26:08.459+04:00  INFO 10724 --- [SpringApplicationShutdownHook] o.s.a.r.l.SimpleMessageListenerContainer : Shutdown ignored - container is already stopped
2023-07-19T18:26:08.507+04:00  INFO 10724 --- [SpringApplicationShutdownHook] j.LocalContainerEntityManagerFactoryBean : Closing JPA EntityManagerFactory for persistence unit 'default'
2023-07-19T18:26:08.512+04:00  INFO 10724 --- [SpringApplicationShutdownHook] com.zaxxer.hikari.HikariDataSource       : HikariPool-1 - Shutdown initiated...
2023-07-19T18:26:08.883+04:00  INFO 10724 --- [SpringApplicationShutdownHook] com.zaxxer.hikari.HikariDataSource       : HikariPool-1 - Shutdown completed.
2023-07-19T18:26:13.126+04:00  INFO 23084 --- [restartedMain] c.k.userservice.UserServiceApplication   : Starting UserServiceApplication using Java 20.0.1 with PID 23084 (C:\Users\kishk\Desktop\SSTU-SUMMER-PRACTICE\summerPracticeSSTU\user-service\target\classes started by kishk in C:\Users\kishk\Desktop\SSTU-SUMMER-PRACTICE\summerPracticeSSTU\user-service)
2023-07-19T18:26:13.129+04:00  INFO 23084 --- [restartedMain] c.k.userservice.UserServiceApplication   : No active profile set, falling back to 1 default profile: "default"
2023-07-19T18:26:13.185+04:00  INFO 23084 --- [restartedMain] .e.DevToolsPropertyDefaultsPostProcessor : Devtools property defaults active! Set 'spring.devtools.add-properties' to 'false' to disable
2023-07-19T18:26:13.185+04:00  INFO 23084 --- [restartedMain] .e.DevToolsPropertyDefaultsPostProcessor : For additional web related logging consider setting the 'logging.level.web' property to 'DEBUG'
2023-07-19T18:26:14.101+04:00  INFO 23084 --- [restartedMain] .s.d.r.c.RepositoryConfigurationDelegate : Multiple Spring Data modules found, entering strict repository configuration mode
2023-07-19T18:26:14.101+04:00  INFO 23084 --- [restartedMain] .s.d.r.c.RepositoryConfigurationDelegate : Bootstrapping Spring Data JPA repositories in DEFAULT mode.
2023-07-19T18:26:14.326+04:00  INFO 23084 --- [restartedMain] .s.d.r.c.RepositoryConfigurationDelegate : Finished Spring Data repository scanning in 215 ms. Found 4 JPA repository interfaces.
2023-07-19T18:26:14.682+04:00  INFO 23084 --- [restartedMain] .s.d.r.c.RepositoryConfigurationDelegate : Multiple Spring Data modules found, entering strict repository configuration mode
2023-07-19T18:26:14.684+04:00  INFO 23084 --- [restartedMain] .s.d.r.c.RepositoryConfigurationDelegate : Bootstrapping Spring Data Redis repositories in DEFAULT mode.
2023-07-19T18:26:14.715+04:00  INFO 23084 --- [restartedMain] .RepositoryConfigurationExtensionSupport : Spring Data Redis - Could not safely identify store assignment for repository candidate interface com.kishko.photoservice.repositories.AttachmentRepository; If you want this repository to be a Redis repository, consider annotating your entities with one of these annotations: org.springframework.data.redis.core.RedisHash (preferred), or consider extending one of the following types with your repository: org.springframework.data.keyvalue.repository.KeyValueRepository
2023-07-19T18:26:14.734+04:00  INFO 23084 --- [restartedMain] .RepositoryConfigurationExtensionSupport : Spring Data Redis - Could not safely identify store assignment for repository candidate interface com.kishko.userservice.repositories.AdvancedStockRepository; If you want this repository to be a Redis repository, consider annotating your entities with one of these annotations: org.springframework.data.redis.core.RedisHash (preferred), or consider extending one of the following types with your repository: org.springframework.data.keyvalue.repository.KeyValueRepository
2023-07-19T18:26:14.734+04:00  INFO 23084 --- [restartedMain] .RepositoryConfigurationExtensionSupport : Spring Data Redis - Could not safely identify store assignment for repository candidate interface com.kishko.userservice.repositories.StockRepository; If you want this repository to be a Redis repository, consider annotating your entities with one of these annotations: org.springframework.data.redis.core.RedisHash (preferred), or consider extending one of the following types with your repository: org.springframework.data.keyvalue.repository.KeyValueRepository
2023-07-19T18:26:14.734+04:00  INFO 23084 --- [restartedMain] .RepositoryConfigurationExtensionSupport : Spring Data Redis - Could not safely identify store assignment for repository candidate interface com.kishko.userservice.repositories.UserRepository; If you want this repository to be a Redis repository, consider annotating your entities with one of these annotations: org.springframework.data.redis.core.RedisHash (preferred), or consider extending one of the following types with your repository: org.springframework.data.keyvalue.repository.KeyValueRepository
2023-07-19T18:26:14.735+04:00  INFO 23084 --- [restartedMain] .s.d.r.c.RepositoryConfigurationDelegate : Finished Spring Data repository scanning in 40 ms. Found 0 Redis repository interfaces.
2023-07-19T18:26:15.569+04:00  INFO 23084 --- [restartedMain] o.s.b.w.embedded.tomcat.TomcatWebServer  : Tomcat initialized with port(s): 8080 (http)
2023-07-19T18:26:15.580+04:00  INFO 23084 --- [restartedMain] o.apache.catalina.core.StandardService   : Starting service [Tomcat]
2023-07-19T18:26:15.581+04:00  INFO 23084 --- [restartedMain] o.apache.catalina.core.StandardEngine    : Starting Servlet engine: [Apache Tomcat/10.1.10]
2023-07-19T18:26:15.676+04:00  INFO 23084 --- [restartedMain] o.a.c.c.C.[Tomcat].[localhost].[/]       : Initializing Spring embedded WebApplicationContext
2023-07-19T18:26:15.677+04:00  INFO 23084 --- [restartedMain] w.s.c.ServletWebServerApplicationContext : Root WebApplicationContext: initialization completed in 2492 ms
2023-07-19T18:26:15.720+04:00  INFO 23084 --- [restartedMain] com.zaxxer.hikari.HikariDataSource       : HikariPool-1 - Starting...
2023-07-19T18:26:16.373+04:00  INFO 23084 --- [restartedMain] com.zaxxer.hikari.pool.HikariPool        : HikariPool-1 - Added connection org.postgresql.jdbc.PgConnection@59ccf285
2023-07-19T18:26:16.375+04:00  INFO 23084 --- [restartedMain] com.zaxxer.hikari.HikariDataSource       : HikariPool-1 - Start completed.
2023-07-19T18:26:16.389+04:00  INFO 23084 --- [restartedMain] o.s.b.a.h2.H2ConsoleAutoConfiguration    : H2 console available at '/h2-console'. Database available at 'jdbc:postgresql://84.38.183.185:5432/postgres'
2023-07-19T18:26:16.654+04:00  INFO 23084 --- [restartedMain] o.hibernate.jpa.internal.util.LogHelper  : HHH000204: Processing PersistenceUnitInfo [name: default]
2023-07-19T18:26:16.725+04:00  INFO 23084 --- [restartedMain] org.hibernate.Version                    : HHH000412: Hibernate ORM core version [WORKING]
2023-07-19T18:26:16.728+04:00  INFO 23084 --- [restartedMain] org.hibernate.cfg.Environment            : HHH000406: Using bytecode reflection optimizer
2023-07-19T18:26:16.917+04:00  INFO 23084 --- [restartedMain] o.h.b.i.BytecodeProviderInitiator        : HHH000021: Bytecode provider name : bytebuddy
2023-07-19T18:26:17.094+04:00  INFO 23084 --- [restartedMain] o.s.o.j.p.SpringPersistenceUnitInfo      : No LoadTimeWeaver setup: ignoring JPA class transformer
2023-07-19T18:26:17.617+04:00  INFO 23084 --- [restartedMain] o.h.b.i.BytecodeProviderInitiator        : HHH000021: Bytecode provider name : bytebuddy
2023-07-19T18:26:18.533+04:00  INFO 23084 --- [restartedMain] o.h.e.t.j.p.i.JtaPlatformInitiator       : HHH000490: Using JtaPlatform implementation: [org.hibernate.engine.transaction.jta.platform.internal.NoJtaPlatform]
2023-07-19T18:26:19.614+04:00  INFO 23084 --- [restartedMain] j.LocalContainerEntityManagerFactoryBean : Initialized JPA EntityManagerFactory for persistence unit 'default'
2023-07-19T18:26:20.707+04:00  WARN 23084 --- [restartedMain] JpaBaseConfiguration$JpaWebConfiguration : spring.jpa.open-in-view is enabled by default. Therefore, database queries may be performed during view rendering. Explicitly configure spring.jpa.open-in-view to disable this warning
2023-07-19T18:26:22.438+04:00  INFO 23084 --- [restartedMain] o.s.b.d.a.OptionalLiveReloadServer       : LiveReload server is running on port 35729
2023-07-19T18:26:22.477+04:00  WARN 23084 --- [restartedMain] ocalVariableTableParameterNameDiscoverer : Using deprecated '-debug' fallback for parameter name resolution. Compile the affected code with '-parameters' instead or avoid its introspection: org.springframework.amqp.rabbit.core.RabbitAdmin
2023-07-19T18:26:22.554+04:00  INFO 23084 --- [restartedMain] o.s.b.w.embedded.tomcat.TomcatWebServer  : Tomcat started on port(s): 8080 (http) with context path ''
2023-07-19T18:26:22.559+04:00  INFO 23084 --- [restartedMain] o.s.a.r.c.CachingConnectionFactory       : Attempting to connect to: [hawk.rmq.cloudamqp.com:5671]
2023-07-19T18:26:22.965+04:00  INFO 23084 --- [restartedMain] o.s.a.r.c.CachingConnectionFactory       : Created new connection: rabbitConnectionFactory#6080ad29:0/SimpleConnection@615bf9a0 [delegate=amqp://tblsugde@13.50.160.243:5671/tblsugde, localPort=57171]
2023-07-19T18:26:23.406+04:00  INFO 23084 --- [restartedMain] c.k.userservice.UserServiceApplication   : Started UserServiceApplication in 10.869 seconds (process running for 11.805)
2023-07-19T18:27:47.545+04:00  INFO 23084 --- [org.springframework.amqp.rabbit.RabbitListenerEndpointContainer#0-2] o.s.a.r.l.SimpleMessageListenerContainer : Waiting for workers to finish.
2023-07-19T18:27:48.135+04:00  INFO 23084 --- [org.springframework.amqp.rabbit.RabbitListenerEndpointContainer#0-2] o.s.a.r.l.SimpleMessageListenerContainer : Successfully waited for workers to finish.
2023-07-19T18:27:48.149+04:00  INFO 23084 --- [SpringApplicationShutdownHook] o.s.a.r.l.SimpleMessageListenerContainer : Shutdown ignored - container is already stopped
2023-07-19T18:27:48.197+04:00  INFO 23084 --- [SpringApplicationShutdownHook] j.LocalContainerEntityManagerFactoryBean : Closing JPA EntityManagerFactory for persistence unit 'default'
2023-07-19T18:27:48.202+04:00  INFO 23084 --- [SpringApplicationShutdownHook] com.zaxxer.hikari.HikariDataSource       : HikariPool-1 - Shutdown initiated...
2023-07-19T18:27:48.559+04:00  INFO 23084 --- [SpringApplicationShutdownHook] com.zaxxer.hikari.HikariDataSource       : HikariPool-1 - Shutdown completed.
2023-07-19T18:28:43.865+04:00  INFO 9140 --- [restartedMain] c.k.userservice.UserServiceApplication   : Starting UserServiceApplication using Java 20.0.1 with PID 9140 (C:\Users\kishk\Desktop\SSTU-SUMMER-PRACTICE\summerPracticeSSTU\user-service\target\classes started by kishk in C:\Users\kishk\Desktop\SSTU-SUMMER-PRACTICE\summerPracticeSSTU\user-service)
2023-07-19T18:28:43.869+04:00  INFO 9140 --- [restartedMain] c.k.userservice.UserServiceApplication   : No active profile set, falling back to 1 default profile: "default"
2023-07-19T18:28:43.938+04:00  INFO 9140 --- [restartedMain] .e.DevToolsPropertyDefaultsPostProcessor : Devtools property defaults active! Set 'spring.devtools.add-properties' to 'false' to disable
2023-07-19T18:28:43.939+04:00  INFO 9140 --- [restartedMain] .e.DevToolsPropertyDefaultsPostProcessor : For additional web related logging consider setting the 'logging.level.web' property to 'DEBUG'
2023-07-19T18:28:44.845+04:00  INFO 9140 --- [restartedMain] .s.d.r.c.RepositoryConfigurationDelegate : Multiple Spring Data modules found, entering strict repository configuration mode
2023-07-19T18:28:44.845+04:00  INFO 9140 --- [restartedMain] .s.d.r.c.RepositoryConfigurationDelegate : Bootstrapping Spring Data JPA repositories in DEFAULT mode.
2023-07-19T18:28:45.069+04:00  INFO 9140 --- [restartedMain] .s.d.r.c.RepositoryConfigurationDelegate : Finished Spring Data repository scanning in 214 ms. Found 4 JPA repository interfaces.
2023-07-19T18:28:45.426+04:00  INFO 9140 --- [restartedMain] .s.d.r.c.RepositoryConfigurationDelegate : Multiple Spring Data modules found, entering strict repository configuration mode
2023-07-19T18:28:45.428+04:00  INFO 9140 --- [restartedMain] .s.d.r.c.RepositoryConfigurationDelegate : Bootstrapping Spring Data Redis repositories in DEFAULT mode.
2023-07-19T18:28:45.458+04:00  INFO 9140 --- [restartedMain] .RepositoryConfigurationExtensionSupport : Spring Data Redis - Could not safely identify store assignment for repository candidate interface com.kishko.photoservice.repositories.AttachmentRepository; If you want this repository to be a Redis repository, consider annotating your entities with one of these annotations: org.springframework.data.redis.core.RedisHash (preferred), or consider extending one of the following types with your repository: org.springframework.data.keyvalue.repository.KeyValueRepository
2023-07-19T18:28:45.475+04:00  INFO 9140 --- [restartedMain] .RepositoryConfigurationExtensionSupport : Spring Data Redis - Could not safely identify store assignment for repository candidate interface com.kishko.userservice.repositories.AdvancedStockRepository; If you want this repository to be a Redis repository, consider annotating your entities with one of these annotations: org.springframework.data.redis.core.RedisHash (preferred), or consider extending one of the following types with your repository: org.springframework.data.keyvalue.repository.KeyValueRepository
2023-07-19T18:28:45.475+04:00  INFO 9140 --- [restartedMain] .RepositoryConfigurationExtensionSupport : Spring Data Redis - Could not safely identify store assignment for repository candidate interface com.kishko.userservice.repositories.StockRepository; If you want this repository to be a Redis repository, consider annotating your entities with one of these annotations: org.springframework.data.redis.core.RedisHash (preferred), or consider extending one of the following types with your repository: org.springframework.data.keyvalue.repository.KeyValueRepository
2023-07-19T18:28:45.476+04:00  INFO 9140 --- [restartedMain] .RepositoryConfigurationExtensionSupport : Spring Data Redis - Could not safely identify store assignment for repository candidate interface com.kishko.userservice.repositories.UserRepository; If you want this repository to be a Redis repository, consider annotating your entities with one of these annotations: org.springframework.data.redis.core.RedisHash (preferred), or consider extending one of the following types with your repository: org.springframework.data.keyvalue.repository.KeyValueRepository
2023-07-19T18:28:45.476+04:00  INFO 9140 --- [restartedMain] .s.d.r.c.RepositoryConfigurationDelegate : Finished Spring Data repository scanning in 37 ms. Found 0 Redis repository interfaces.
2023-07-19T18:28:46.313+04:00  INFO 9140 --- [restartedMain] o.s.b.w.embedded.tomcat.TomcatWebServer  : Tomcat initialized with port(s): 8080 (http)
2023-07-19T18:28:46.325+04:00  INFO 9140 --- [restartedMain] o.apache.catalina.core.StandardService   : Starting service [Tomcat]
2023-07-19T18:28:46.325+04:00  INFO 9140 --- [restartedMain] o.apache.catalina.core.StandardEngine    : Starting Servlet engine: [Apache Tomcat/10.1.10]
2023-07-19T18:28:46.420+04:00  INFO 9140 --- [restartedMain] o.a.c.c.C.[Tomcat].[localhost].[/]       : Initializing Spring embedded WebApplicationContext
2023-07-19T18:28:46.421+04:00  INFO 9140 --- [restartedMain] w.s.c.ServletWebServerApplicationContext : Root WebApplicationContext: initialization completed in 2482 ms
2023-07-19T18:28:46.463+04:00  INFO 9140 --- [restartedMain] com.zaxxer.hikari.HikariDataSource       : HikariPool-1 - Starting...
2023-07-19T18:28:47.083+04:00  INFO 9140 --- [restartedMain] com.zaxxer.hikari.pool.HikariPool        : HikariPool-1 - Added connection org.postgresql.jdbc.PgConnection@78e8577
2023-07-19T18:28:47.085+04:00  INFO 9140 --- [restartedMain] com.zaxxer.hikari.HikariDataSource       : HikariPool-1 - Start completed.
2023-07-19T18:28:47.098+04:00  INFO 9140 --- [restartedMain] o.s.b.a.h2.H2ConsoleAutoConfiguration    : H2 console available at '/h2-console'. Database available at 'jdbc:postgresql://84.38.183.185:5432/postgres'
2023-07-19T18:28:47.354+04:00  INFO 9140 --- [restartedMain] o.hibernate.jpa.internal.util.LogHelper  : HHH000204: Processing PersistenceUnitInfo [name: default]
2023-07-19T18:28:47.425+04:00  INFO 9140 --- [restartedMain] org.hibernate.Version                    : HHH000412: Hibernate ORM core version [WORKING]
2023-07-19T18:28:47.428+04:00  INFO 9140 --- [restartedMain] org.hibernate.cfg.Environment            : HHH000406: Using bytecode reflection optimizer
2023-07-19T18:28:47.617+04:00  INFO 9140 --- [restartedMain] o.h.b.i.BytecodeProviderInitiator        : HHH000021: Bytecode provider name : bytebuddy
2023-07-19T18:28:47.795+04:00  INFO 9140 --- [restartedMain] o.s.o.j.p.SpringPersistenceUnitInfo      : No LoadTimeWeaver setup: ignoring JPA class transformer
2023-07-19T18:28:48.294+04:00  INFO 9140 --- [restartedMain] o.h.b.i.BytecodeProviderInitiator        : HHH000021: Bytecode provider name : bytebuddy
2023-07-19T18:28:49.219+04:00  INFO 9140 --- [restartedMain] o.h.e.t.j.p.i.JtaPlatformInitiator       : HHH000490: Using JtaPlatform implementation: [org.hibernate.engine.transaction.jta.platform.internal.NoJtaPlatform]
2023-07-19T18:28:50.196+04:00  INFO 9140 --- [restartedMain] j.LocalContainerEntityManagerFactoryBean : Initialized JPA EntityManagerFactory for persistence unit 'default'
2023-07-19T18:28:51.290+04:00  WARN 9140 --- [restartedMain] JpaBaseConfiguration$JpaWebConfiguration : spring.jpa.open-in-view is enabled by default. Therefore, database queries may be performed during view rendering. Explicitly configure spring.jpa.open-in-view to disable this warning
2023-07-19T18:28:52.953+04:00  INFO 9140 --- [restartedMain] o.s.b.d.a.OptionalLiveReloadServer       : LiveReload server is running on port 35729
2023-07-19T18:28:52.991+04:00  WARN 9140 --- [restartedMain] ocalVariableTableParameterNameDiscoverer : Using deprecated '-debug' fallback for parameter name resolution. Compile the affected code with '-parameters' instead or avoid its introspection: org.springframework.amqp.rabbit.core.RabbitAdmin
2023-07-19T18:28:53.077+04:00  INFO 9140 --- [restartedMain] o.s.b.w.embedded.tomcat.TomcatWebServer  : Tomcat started on port(s): 8080 (http) with context path ''
2023-07-19T18:28:53.081+04:00  INFO 9140 --- [restartedMain] o.s.a.r.c.CachingConnectionFactory       : Attempting to connect to: [hawk.rmq.cloudamqp.com:5671]
2023-07-19T18:28:53.495+04:00  INFO 9140 --- [restartedMain] o.s.a.r.c.CachingConnectionFactory       : Created new connection: rabbitConnectionFactory#191abc51:0/SimpleConnection@2298d571 [delegate=amqp://tblsugde@13.50.160.243:5671/tblsugde, localPort=57280]
2023-07-19T18:28:53.935+04:00  INFO 9140 --- [restartedMain] c.k.userservice.UserServiceApplication   : Started UserServiceApplication in 10.664 seconds (process running for 11.58)
2023-07-19T18:28:59.819+04:00  INFO 9140 --- [http-nio-8080-exec-1] o.a.c.c.C.[Tomcat].[localhost].[/]       : Initializing Spring DispatcherServlet 'dispatcherServlet'
2023-07-19T18:28:59.820+04:00  INFO 9140 --- [http-nio-8080-exec-1] o.s.web.servlet.DispatcherServlet        : Initializing Servlet 'dispatcherServlet'
2023-07-19T18:28:59.821+04:00  INFO 9140 --- [http-nio-8080-exec-1] o.s.web.servlet.DispatcherServlet        : Completed initialization in 1 ms
2023-07-19T18:28:59.862+04:00  INFO 9140 --- [http-nio-8080-exec-1] c.k.u.controllers.UserController         : found user with id: 1
2023-07-19T18:29:02.923+04:00  INFO 9140 --- [http-nio-8080-exec-3] c.k.u.controllers.UserController         : found user with id: 1
2023-07-19T18:42:26.800+04:00  INFO 9140 --- [org.springframework.amqp.rabbit.RabbitListenerEndpointContainer#0-2] o.s.a.r.l.SimpleMessageListenerContainer : Waiting for workers to finish.
2023-07-19T18:42:27.358+04:00  INFO 9140 --- [org.springframework.amqp.rabbit.RabbitListenerEndpointContainer#0-2] o.s.a.r.l.SimpleMessageListenerContainer : Successfully waited for workers to finish.
2023-07-19T18:42:27.375+04:00  INFO 9140 --- [SpringApplicationShutdownHook] o.s.a.r.l.SimpleMessageListenerContainer : Shutdown ignored - container is already stopped
2023-07-19T18:42:27.429+04:00  INFO 9140 --- [SpringApplicationShutdownHook] j.LocalContainerEntityManagerFactoryBean : Closing JPA EntityManagerFactory for persistence unit 'default'
2023-07-19T18:42:27.434+04:00  INFO 9140 --- [SpringApplicationShutdownHook] com.zaxxer.hikari.HikariDataSource       : HikariPool-1 - Shutdown initiated...
2023-07-19T18:42:27.792+04:00  INFO 9140 --- [SpringApplicationShutdownHook] com.zaxxer.hikari.HikariDataSource       : HikariPool-1 - Shutdown completed.
2023-07-19T18:42:31.568+04:00  INFO 16400 --- [restartedMain] c.k.userservice.UserServiceApplication   : Starting UserServiceApplication using Java 20.0.1 with PID 16400 (C:\Users\kishk\Desktop\SSTU-SUMMER-PRACTICE\summerPracticeSSTU\user-service\target\classes started by kishk in C:\Users\kishk\Desktop\SSTU-SUMMER-PRACTICE\summerPracticeSSTU\user-service)
2023-07-19T18:42:31.570+04:00  INFO 16400 --- [restartedMain] c.k.userservice.UserServiceApplication   : No active profile set, falling back to 1 default profile: "default"
2023-07-19T18:42:31.628+04:00  INFO 16400 --- [restartedMain] .e.DevToolsPropertyDefaultsPostProcessor : Devtools property defaults active! Set 'spring.devtools.add-properties' to 'false' to disable
2023-07-19T18:42:31.628+04:00  INFO 16400 --- [restartedMain] .e.DevToolsPropertyDefaultsPostProcessor : For additional web related logging consider setting the 'logging.level.web' property to 'DEBUG'
2023-07-19T18:42:32.546+04:00  INFO 16400 --- [restartedMain] .s.d.r.c.RepositoryConfigurationDelegate : Multiple Spring Data modules found, entering strict repository configuration mode
2023-07-19T18:42:32.547+04:00  INFO 16400 --- [restartedMain] .s.d.r.c.RepositoryConfigurationDelegate : Bootstrapping Spring Data JPA repositories in DEFAULT mode.
2023-07-19T18:42:32.769+04:00  INFO 16400 --- [restartedMain] .s.d.r.c.RepositoryConfigurationDelegate : Finished Spring Data repository scanning in 212 ms. Found 4 JPA repository interfaces.
2023-07-19T18:42:33.130+04:00  INFO 16400 --- [restartedMain] .s.d.r.c.RepositoryConfigurationDelegate : Multiple Spring Data modules found, entering strict repository configuration mode
2023-07-19T18:42:33.132+04:00  INFO 16400 --- [restartedMain] .s.d.r.c.RepositoryConfigurationDelegate : Bootstrapping Spring Data Redis repositories in DEFAULT mode.
2023-07-19T18:42:33.162+04:00  INFO 16400 --- [restartedMain] .RepositoryConfigurationExtensionSupport : Spring Data Redis - Could not safely identify store assignment for repository candidate interface com.kishko.photoservice.repositories.AttachmentRepository; If you want this repository to be a Redis repository, consider annotating your entities with one of these annotations: org.springframework.data.redis.core.RedisHash (preferred), or consider extending one of the following types with your repository: org.springframework.data.keyvalue.repository.KeyValueRepository
2023-07-19T18:42:33.179+04:00  INFO 16400 --- [restartedMain] .RepositoryConfigurationExtensionSupport : Spring Data Redis - Could not safely identify store assignment for repository candidate interface com.kishko.userservice.repositories.AdvancedStockRepository; If you want this repository to be a Redis repository, consider annotating your entities with one of these annotations: org.springframework.data.redis.core.RedisHash (preferred), or consider extending one of the following types with your repository: org.springframework.data.keyvalue.repository.KeyValueRepository
2023-07-19T18:42:33.179+04:00  INFO 16400 --- [restartedMain] .RepositoryConfigurationExtensionSupport : Spring Data Redis - Could not safely identify store assignment for repository candidate interface com.kishko.userservice.repositories.StockRepository; If you want this repository to be a Redis repository, consider annotating your entities with one of these annotations: org.springframework.data.redis.core.RedisHash (preferred), or consider extending one of the following types with your repository: org.springframework.data.keyvalue.repository.KeyValueRepository
2023-07-19T18:42:33.179+04:00  INFO 16400 --- [restartedMain] .RepositoryConfigurationExtensionSupport : Spring Data Redis - Could not safely identify store assignment for repository candidate interface com.kishko.userservice.repositories.UserRepository; If you want this repository to be a Redis repository, consider annotating your entities with one of these annotations: org.springframework.data.redis.core.RedisHash (preferred), or consider extending one of the following types with your repository: org.springframework.data.keyvalue.repository.KeyValueRepository
2023-07-19T18:42:33.180+04:00  INFO 16400 --- [restartedMain] .s.d.r.c.RepositoryConfigurationDelegate : Finished Spring Data repository scanning in 37 ms. Found 0 Redis repository interfaces.
2023-07-19T18:42:33.996+04:00  INFO 16400 --- [restartedMain] o.s.b.w.embedded.tomcat.TomcatWebServer  : Tomcat initialized with port(s): 8080 (http)
2023-07-19T18:42:34.007+04:00  INFO 16400 --- [restartedMain] o.apache.catalina.core.StandardService   : Starting service [Tomcat]
2023-07-19T18:42:34.008+04:00  INFO 16400 --- [restartedMain] o.apache.catalina.core.StandardEngine    : Starting Servlet engine: [Apache Tomcat/10.1.10]
2023-07-19T18:42:34.101+04:00  INFO 16400 --- [restartedMain] o.a.c.c.C.[Tomcat].[localhost].[/]       : Initializing Spring embedded WebApplicationContext
2023-07-19T18:42:34.101+04:00  INFO 16400 --- [restartedMain] w.s.c.ServletWebServerApplicationContext : Root WebApplicationContext: initialization completed in 2473 ms
2023-07-19T18:42:34.145+04:00  INFO 16400 --- [restartedMain] com.zaxxer.hikari.HikariDataSource       : HikariPool-1 - Starting...
2023-07-19T18:42:34.758+04:00  INFO 16400 --- [restartedMain] com.zaxxer.hikari.pool.HikariPool        : HikariPool-1 - Added connection org.postgresql.jdbc.PgConnection@16be5150
2023-07-19T18:42:34.760+04:00  INFO 16400 --- [restartedMain] com.zaxxer.hikari.HikariDataSource       : HikariPool-1 - Start completed.
2023-07-19T18:42:34.774+04:00  INFO 16400 --- [restartedMain] o.s.b.a.h2.H2ConsoleAutoConfiguration    : H2 console available at '/h2-console'. Database available at 'jdbc:postgresql://84.38.183.185:5432/postgres'
2023-07-19T18:42:35.031+04:00  INFO 16400 --- [restartedMain] o.hibernate.jpa.internal.util.LogHelper  : HHH000204: Processing PersistenceUnitInfo [name: default]
2023-07-19T18:42:35.102+04:00  INFO 16400 --- [restartedMain] org.hibernate.Version                    : HHH000412: Hibernate ORM core version [WORKING]
2023-07-19T18:42:35.105+04:00  INFO 16400 --- [restartedMain] org.hibernate.cfg.Environment            : HHH000406: Using bytecode reflection optimizer
2023-07-19T18:42:35.293+04:00  INFO 16400 --- [restartedMain] o.h.b.i.BytecodeProviderInitiator        : HHH000021: Bytecode provider name : bytebuddy
2023-07-19T18:42:35.466+04:00  INFO 16400 --- [restartedMain] o.s.o.j.p.SpringPersistenceUnitInfo      : No LoadTimeWeaver setup: ignoring JPA class transformer
2023-07-19T18:42:35.971+04:00  INFO 16400 --- [restartedMain] o.h.b.i.BytecodeProviderInitiator        : HHH000021: Bytecode provider name : bytebuddy
2023-07-19T18:42:36.880+04:00  INFO 16400 --- [restartedMain] o.h.e.t.j.p.i.JtaPlatformInitiator       : HHH000490: Using JtaPlatform implementation: [org.hibernate.engine.transaction.jta.platform.internal.NoJtaPlatform]
2023-07-19T18:42:37.864+04:00  INFO 16400 --- [restartedMain] j.LocalContainerEntityManagerFactoryBean : Initialized JPA EntityManagerFactory for persistence unit 'default'
2023-07-19T18:42:38.962+04:00  WARN 16400 --- [restartedMain] JpaBaseConfiguration$JpaWebConfiguration : spring.jpa.open-in-view is enabled by default. Therefore, database queries may be performed during view rendering. Explicitly configure spring.jpa.open-in-view to disable this warning
2023-07-19T18:42:40.643+04:00  INFO 16400 --- [restartedMain] o.s.b.d.a.OptionalLiveReloadServer       : LiveReload server is running on port 35729
2023-07-19T18:42:40.682+04:00  WARN 16400 --- [restartedMain] ocalVariableTableParameterNameDiscoverer : Using deprecated '-debug' fallback for parameter name resolution. Compile the affected code with '-parameters' instead or avoid its introspection: org.springframework.amqp.rabbit.core.RabbitAdmin
2023-07-19T18:42:40.761+04:00  INFO 16400 --- [restartedMain] o.s.b.w.embedded.tomcat.TomcatWebServer  : Tomcat started on port(s): 8080 (http) with context path ''
2023-07-19T18:42:40.765+04:00  INFO 16400 --- [restartedMain] o.s.a.r.c.CachingConnectionFactory       : Attempting to connect to: [hawk.rmq.cloudamqp.com:5671]
2023-07-19T18:42:41.184+04:00  INFO 16400 --- [restartedMain] o.s.a.r.c.CachingConnectionFactory       : Created new connection: rabbitConnectionFactory#4105f605:0/SimpleConnection@6e3f15fd [delegate=amqp://tblsugde@13.50.160.243:5671/tblsugde, localPort=57646]
2023-07-19T18:42:41.622+04:00  INFO 16400 --- [restartedMain] c.k.userservice.UserServiceApplication   : Started UserServiceApplication in 10.66 seconds (process running for 11.577)
2023-07-19T18:42:57.528+04:00  INFO 16400 --- [http-nio-8080-exec-2] o.a.c.c.C.[Tomcat].[localhost].[/]       : Initializing Spring DispatcherServlet 'dispatcherServlet'
2023-07-19T18:42:57.528+04:00  INFO 16400 --- [http-nio-8080-exec-2] o.s.web.servlet.DispatcherServlet        : Initializing Servlet 'dispatcherServlet'
2023-07-19T18:42:57.530+04:00  INFO 16400 --- [http-nio-8080-exec-2] o.s.web.servlet.DispatcherServlet        : Completed initialization in 2 ms
2023-07-19T18:42:57.570+04:00  INFO 16400 --- [http-nio-8080-exec-2] c.k.u.controllers.UserController         : found user with id: 1
2023-07-19T18:43:00.404+04:00  INFO 16400 --- [http-nio-8080-exec-3] c.k.u.controllers.UserController         : found user with id: 1
2023-07-19T18:52:47.111+04:00  INFO 16400 --- [org.springframework.amqp.rabbit.RabbitListenerEndpointContainer#0-2] o.s.a.r.l.SimpleMessageListenerContainer : Waiting for workers to finish.
2023-07-19T18:52:47.419+04:00  INFO 16400 --- [org.springframework.amqp.rabbit.RabbitListenerEndpointContainer#0-2] o.s.a.r.l.SimpleMessageListenerContainer : Successfully waited for workers to finish.
2023-07-19T18:52:47.436+04:00  INFO 16400 --- [SpringApplicationShutdownHook] o.s.a.r.l.SimpleMessageListenerContainer : Shutdown ignored - container is already stopped
2023-07-19T18:52:47.490+04:00  INFO 16400 --- [SpringApplicationShutdownHook] j.LocalContainerEntityManagerFactoryBean : Closing JPA EntityManagerFactory for persistence unit 'default'
2023-07-19T18:52:47.495+04:00  INFO 16400 --- [SpringApplicationShutdownHook] com.zaxxer.hikari.HikariDataSource       : HikariPool-1 - Shutdown initiated...
2023-07-19T18:52:47.873+04:00  INFO 16400 --- [SpringApplicationShutdownHook] com.zaxxer.hikari.HikariDataSource       : HikariPool-1 - Shutdown completed.
2023-07-19T18:52:52.336+04:00  INFO 24732 --- [restartedMain] c.k.userservice.UserServiceApplication   : Starting UserServiceApplication using Java 20.0.1 with PID 24732 (C:\Users\kishk\Desktop\SSTU-SUMMER-PRACTICE\summerPracticeSSTU\user-service\target\classes started by kishk in C:\Users\kishk\Desktop\SSTU-SUMMER-PRACTICE\summerPracticeSSTU\user-service)
2023-07-19T18:52:52.338+04:00  INFO 24732 --- [restartedMain] c.k.userservice.UserServiceApplication   : No active profile set, falling back to 1 default profile: "default"
2023-07-19T18:52:52.394+04:00  INFO 24732 --- [restartedMain] .e.DevToolsPropertyDefaultsPostProcessor : Devtools property defaults active! Set 'spring.devtools.add-properties' to 'false' to disable
2023-07-19T18:52:52.394+04:00  INFO 24732 --- [restartedMain] .e.DevToolsPropertyDefaultsPostProcessor : For additional web related logging consider setting the 'logging.level.web' property to 'DEBUG'
2023-07-19T18:52:53.291+04:00  INFO 24732 --- [restartedMain] .s.d.r.c.RepositoryConfigurationDelegate : Multiple Spring Data modules found, entering strict repository configuration mode
2023-07-19T18:52:53.292+04:00  INFO 24732 --- [restartedMain] .s.d.r.c.RepositoryConfigurationDelegate : Bootstrapping Spring Data JPA repositories in DEFAULT mode.
2023-07-19T18:52:53.518+04:00  INFO 24732 --- [restartedMain] .s.d.r.c.RepositoryConfigurationDelegate : Finished Spring Data repository scanning in 217 ms. Found 4 JPA repository interfaces.
2023-07-19T18:52:53.873+04:00  INFO 24732 --- [restartedMain] .s.d.r.c.RepositoryConfigurationDelegate : Multiple Spring Data modules found, entering strict repository configuration mode
2023-07-19T18:52:53.875+04:00  INFO 24732 --- [restartedMain] .s.d.r.c.RepositoryConfigurationDelegate : Bootstrapping Spring Data Redis repositories in DEFAULT mode.
2023-07-19T18:52:53.909+04:00  INFO 24732 --- [restartedMain] .RepositoryConfigurationExtensionSupport : Spring Data Redis - Could not safely identify store assignment for repository candidate interface com.kishko.photoservice.repositories.AttachmentRepository; If you want this repository to be a Redis repository, consider annotating your entities with one of these annotations: org.springframework.data.redis.core.RedisHash (preferred), or consider extending one of the following types with your repository: org.springframework.data.keyvalue.repository.KeyValueRepository
2023-07-19T18:52:53.925+04:00  INFO 24732 --- [restartedMain] .RepositoryConfigurationExtensionSupport : Spring Data Redis - Could not safely identify store assignment for repository candidate interface com.kishko.userservice.repositories.AdvancedStockRepository; If you want this repository to be a Redis repository, consider annotating your entities with one of these annotations: org.springframework.data.redis.core.RedisHash (preferred), or consider extending one of the following types with your repository: org.springframework.data.keyvalue.repository.KeyValueRepository
2023-07-19T18:52:53.925+04:00  INFO 24732 --- [restartedMain] .RepositoryConfigurationExtensionSupport : Spring Data Redis - Could not safely identify store assignment for repository candidate interface com.kishko.userservice.repositories.StockRepository; If you want this repository to be a Redis repository, consider annotating your entities with one of these annotations: org.springframework.data.redis.core.RedisHash (preferred), or consider extending one of the following types with your repository: org.springframework.data.keyvalue.repository.KeyValueRepository
2023-07-19T18:52:53.926+04:00  INFO 24732 --- [restartedMain] .RepositoryConfigurationExtensionSupport : Spring Data Redis - Could not safely identify store assignment for repository candidate interface com.kishko.userservice.repositories.UserRepository; If you want this repository to be a Redis repository, consider annotating your entities with one of these annotations: org.springframework.data.redis.core.RedisHash (preferred), or consider extending one of the following types with your repository: org.springframework.data.keyvalue.repository.KeyValueRepository
2023-07-19T18:52:53.926+04:00  INFO 24732 --- [restartedMain] .s.d.r.c.RepositoryConfigurationDelegate : Finished Spring Data repository scanning in 40 ms. Found 0 Redis repository interfaces.
2023-07-19T18:52:54.760+04:00  INFO 24732 --- [restartedMain] o.s.b.w.embedded.tomcat.TomcatWebServer  : Tomcat initialized with port(s): 8080 (http)
2023-07-19T18:52:54.772+04:00  INFO 24732 --- [restartedMain] o.apache.catalina.core.StandardService   : Starting service [Tomcat]
2023-07-19T18:52:54.772+04:00  INFO 24732 --- [restartedMain] o.apache.catalina.core.StandardEngine    : Starting Servlet engine: [Apache Tomcat/10.1.10]
2023-07-19T18:52:55.015+04:00  INFO 24732 --- [restartedMain] o.a.c.c.C.[Tomcat].[localhost].[/]       : Initializing Spring embedded WebApplicationContext
2023-07-19T18:52:55.016+04:00  INFO 24732 --- [restartedMain] w.s.c.ServletWebServerApplicationContext : Root WebApplicationContext: initialization completed in 2622 ms
2023-07-19T18:52:55.059+04:00  INFO 24732 --- [restartedMain] com.zaxxer.hikari.HikariDataSource       : HikariPool-1 - Starting...
2023-07-19T18:52:55.673+04:00  INFO 24732 --- [restartedMain] com.zaxxer.hikari.pool.HikariPool        : HikariPool-1 - Added connection org.postgresql.jdbc.PgConnection@7956f81f
2023-07-19T18:52:55.676+04:00  INFO 24732 --- [restartedMain] com.zaxxer.hikari.HikariDataSource       : HikariPool-1 - Start completed.
2023-07-19T18:52:55.689+04:00  INFO 24732 --- [restartedMain] o.s.b.a.h2.H2ConsoleAutoConfiguration    : H2 console available at '/h2-console'. Database available at 'jdbc:postgresql://84.38.183.185:5432/postgres'
2023-07-19T18:52:55.951+04:00  INFO 24732 --- [restartedMain] o.hibernate.jpa.internal.util.LogHelper  : HHH000204: Processing PersistenceUnitInfo [name: default]
2023-07-19T18:52:56.023+04:00  INFO 24732 --- [restartedMain] org.hibernate.Version                    : HHH000412: Hibernate ORM core version [WORKING]
2023-07-19T18:52:56.026+04:00  INFO 24732 --- [restartedMain] org.hibernate.cfg.Environment            : HHH000406: Using bytecode reflection optimizer
2023-07-19T18:52:56.218+04:00  INFO 24732 --- [restartedMain] o.h.b.i.BytecodeProviderInitiator        : HHH000021: Bytecode provider name : bytebuddy
2023-07-19T18:52:56.401+04:00  INFO 24732 --- [restartedMain] o.s.o.j.p.SpringPersistenceUnitInfo      : No LoadTimeWeaver setup: ignoring JPA class transformer
2023-07-19T18:52:56.934+04:00  INFO 24732 --- [restartedMain] o.h.b.i.BytecodeProviderInitiator        : HHH000021: Bytecode provider name : bytebuddy
2023-07-19T18:52:57.876+04:00  INFO 24732 --- [restartedMain] o.h.e.t.j.p.i.JtaPlatformInitiator       : HHH000490: Using JtaPlatform implementation: [org.hibernate.engine.transaction.jta.platform.internal.NoJtaPlatform]
2023-07-19T18:52:58.866+04:00  INFO 24732 --- [restartedMain] j.LocalContainerEntityManagerFactoryBean : Initialized JPA EntityManagerFactory for persistence unit 'default'
2023-07-19T18:52:59.943+04:00  WARN 24732 --- [restartedMain] JpaBaseConfiguration$JpaWebConfiguration : spring.jpa.open-in-view is enabled by default. Therefore, database queries may be performed during view rendering. Explicitly configure spring.jpa.open-in-view to disable this warning
2023-07-19T18:53:01.800+04:00  INFO 24732 --- [restartedMain] o.s.b.d.a.OptionalLiveReloadServer       : LiveReload server is running on port 35729
2023-07-19T18:53:01.839+04:00  WARN 24732 --- [restartedMain] ocalVariableTableParameterNameDiscoverer : Using deprecated '-debug' fallback for parameter name resolution. Compile the affected code with '-parameters' instead or avoid its introspection: org.springframework.amqp.rabbit.core.RabbitAdmin
2023-07-19T18:53:01.919+04:00  INFO 24732 --- [restartedMain] o.s.b.w.embedded.tomcat.TomcatWebServer  : Tomcat started on port(s): 8080 (http) with context path ''
2023-07-19T18:53:01.924+04:00  INFO 24732 --- [restartedMain] o.s.a.r.c.CachingConnectionFactory       : Attempting to connect to: [hawk.rmq.cloudamqp.com:5671]
2023-07-19T18:53:02.391+04:00  INFO 24732 --- [restartedMain] o.s.a.r.c.CachingConnectionFactory       : Created new connection: rabbitConnectionFactory#70c4ac0:0/SimpleConnection@781440b9 [delegate=amqp://tblsugde@13.50.160.243:5671/tblsugde, localPort=57943]
2023-07-19T18:53:02.830+04:00  INFO 24732 --- [restartedMain] c.k.userservice.UserServiceApplication   : Started UserServiceApplication in 11.082 seconds (process running for 12.168)
2023-07-19T18:53:24.162+04:00  INFO 24732 --- [http-nio-8080-exec-2] o.a.c.c.C.[Tomcat].[localhost].[/]       : Initializing Spring DispatcherServlet 'dispatcherServlet'
2023-07-19T18:53:24.162+04:00  INFO 24732 --- [http-nio-8080-exec-2] o.s.web.servlet.DispatcherServlet        : Initializing Servlet 'dispatcherServlet'
2023-07-19T18:53:24.164+04:00  INFO 24732 --- [http-nio-8080-exec-2] o.s.web.servlet.DispatcherServlet        : Completed initialization in 1 ms
2023-07-19T18:53:24.205+04:00  INFO 24732 --- [http-nio-8080-exec-2] c.k.u.controllers.UserController         : found user with id: 1
2023-07-19T18:53:26.747+04:00  INFO 24732 --- [http-nio-8080-exec-3] c.k.u.controllers.UserController         : found user with id: 1
2023-07-19T19:00:36.772+04:00  INFO 24732 --- [org.springframework.amqp.rabbit.RabbitListenerEndpointContainer#0-2] o.s.a.r.l.SimpleMessageListenerContainer : Waiting for workers to finish.
2023-07-19T19:00:37.477+04:00  INFO 24732 --- [org.springframework.amqp.rabbit.RabbitListenerEndpointContainer#0-2] o.s.a.r.l.SimpleMessageListenerContainer : Successfully waited for workers to finish.
2023-07-19T19:00:37.494+04:00  INFO 24732 --- [SpringApplicationShutdownHook] o.s.a.r.l.SimpleMessageListenerContainer : Shutdown ignored - container is already stopped
2023-07-19T19:00:37.547+04:00  INFO 24732 --- [SpringApplicationShutdownHook] j.LocalContainerEntityManagerFactoryBean : Closing JPA EntityManagerFactory for persistence unit 'default'
2023-07-19T19:00:37.552+04:00  INFO 24732 --- [SpringApplicationShutdownHook] com.zaxxer.hikari.HikariDataSource       : HikariPool-1 - Shutdown initiated...
2023-07-19T19:00:37.938+04:00  INFO 24732 --- [SpringApplicationShutdownHook] com.zaxxer.hikari.HikariDataSource       : HikariPool-1 - Shutdown completed.
2023-07-19T19:44:18.821+04:00  INFO 11724 --- [restartedMain] c.k.userservice.UserServiceApplication   : Starting UserServiceApplication using Java 20.0.1 with PID 11724 (C:\Users\kishk\Desktop\SSTU-SUMMER-PRACTICE\summerPracticeSSTU\user-service\target\classes started by kishk in C:\Users\kishk\Desktop\SSTU-SUMMER-PRACTICE\summerPracticeSSTU\user-service)
2023-07-19T19:44:18.823+04:00  INFO 11724 --- [restartedMain] c.k.userservice.UserServiceApplication   : No active profile set, falling back to 1 default profile: "default"
2023-07-19T19:44:18.878+04:00  INFO 11724 --- [restartedMain] .e.DevToolsPropertyDefaultsPostProcessor : Devtools property defaults active! Set 'spring.devtools.add-properties' to 'false' to disable
2023-07-19T19:44:18.879+04:00  INFO 11724 --- [restartedMain] .e.DevToolsPropertyDefaultsPostProcessor : For additional web related logging consider setting the 'logging.level.web' property to 'DEBUG'
2023-07-19T19:44:19.778+04:00  INFO 11724 --- [restartedMain] .s.d.r.c.RepositoryConfigurationDelegate : Multiple Spring Data modules found, entering strict repository configuration mode
2023-07-19T19:44:19.778+04:00  INFO 11724 --- [restartedMain] .s.d.r.c.RepositoryConfigurationDelegate : Bootstrapping Spring Data JPA repositories in DEFAULT mode.
2023-07-19T19:44:19.999+04:00  INFO 11724 --- [restartedMain] .s.d.r.c.RepositoryConfigurationDelegate : Finished Spring Data repository scanning in 211 ms. Found 4 JPA repository interfaces.
2023-07-19T19:44:20.354+04:00  INFO 11724 --- [restartedMain] .s.d.r.c.RepositoryConfigurationDelegate : Multiple Spring Data modules found, entering strict repository configuration mode
2023-07-19T19:44:20.356+04:00  INFO 11724 --- [restartedMain] .s.d.r.c.RepositoryConfigurationDelegate : Bootstrapping Spring Data Redis repositories in DEFAULT mode.
2023-07-19T19:44:20.387+04:00  INFO 11724 --- [restartedMain] .RepositoryConfigurationExtensionSupport : Spring Data Redis - Could not safely identify store assignment for repository candidate interface com.kishko.photoservice.repositories.AttachmentRepository; If you want this repository to be a Redis repository, consider annotating your entities with one of these annotations: org.springframework.data.redis.core.RedisHash (preferred), or consider extending one of the following types with your repository: org.springframework.data.keyvalue.repository.KeyValueRepository
2023-07-19T19:44:20.403+04:00  INFO 11724 --- [restartedMain] .RepositoryConfigurationExtensionSupport : Spring Data Redis - Could not safely identify store assignment for repository candidate interface com.kishko.userservice.repositories.AdvancedStockRepository; If you want this repository to be a Redis repository, consider annotating your entities with one of these annotations: org.springframework.data.redis.core.RedisHash (preferred), or consider extending one of the following types with your repository: org.springframework.data.keyvalue.repository.KeyValueRepository
2023-07-19T19:44:20.403+04:00  INFO 11724 --- [restartedMain] .RepositoryConfigurationExtensionSupport : Spring Data Redis - Could not safely identify store assignment for repository candidate interface com.kishko.userservice.repositories.StockRepository; If you want this repository to be a Redis repository, consider annotating your entities with one of these annotations: org.springframework.data.redis.core.RedisHash (preferred), or consider extending one of the following types with your repository: org.springframework.data.keyvalue.repository.KeyValueRepository
2023-07-19T19:44:20.404+04:00  INFO 11724 --- [restartedMain] .RepositoryConfigurationExtensionSupport : Spring Data Redis - Could not safely identify store assignment for repository candidate interface com.kishko.userservice.repositories.UserRepository; If you want this repository to be a Redis repository, consider annotating your entities with one of these annotations: org.springframework.data.redis.core.RedisHash (preferred), or consider extending one of the following types with your repository: org.springframework.data.keyvalue.repository.KeyValueRepository
2023-07-19T19:44:20.404+04:00  INFO 11724 --- [restartedMain] .s.d.r.c.RepositoryConfigurationDelegate : Finished Spring Data repository scanning in 37 ms. Found 0 Redis repository interfaces.
2023-07-19T19:44:21.226+04:00  INFO 11724 --- [restartedMain] o.s.b.w.embedded.tomcat.TomcatWebServer  : Tomcat initialized with port(s): 8080 (http)
2023-07-19T19:44:21.237+04:00  INFO 11724 --- [restartedMain] o.apache.catalina.core.StandardService   : Starting service [Tomcat]
2023-07-19T19:44:21.237+04:00  INFO 11724 --- [restartedMain] o.apache.catalina.core.StandardEngine    : Starting Servlet engine: [Apache Tomcat/10.1.10]
2023-07-19T19:44:21.331+04:00  INFO 11724 --- [restartedMain] o.a.c.c.C.[Tomcat].[localhost].[/]       : Initializing Spring embedded WebApplicationContext
2023-07-19T19:44:21.332+04:00  INFO 11724 --- [restartedMain] w.s.c.ServletWebServerApplicationContext : Root WebApplicationContext: initialization completed in 2453 ms
2023-07-19T19:44:21.374+04:00  INFO 11724 --- [restartedMain] com.zaxxer.hikari.HikariDataSource       : HikariPool-1 - Starting...
2023-07-19T19:44:21.988+04:00  INFO 11724 --- [restartedMain] com.zaxxer.hikari.pool.HikariPool        : HikariPool-1 - Added connection org.postgresql.jdbc.PgConnection@635e6c9d
2023-07-19T19:44:21.990+04:00  INFO 11724 --- [restartedMain] com.zaxxer.hikari.HikariDataSource       : HikariPool-1 - Start completed.
2023-07-19T19:44:22.004+04:00  INFO 11724 --- [restartedMain] o.s.b.a.h2.H2ConsoleAutoConfiguration    : H2 console available at '/h2-console'. Database available at 'jdbc:postgresql://84.38.183.185:5432/postgres'
2023-07-19T19:44:22.260+04:00  INFO 11724 --- [restartedMain] o.hibernate.jpa.internal.util.LogHelper  : HHH000204: Processing PersistenceUnitInfo [name: default]
2023-07-19T19:44:22.333+04:00  INFO 11724 --- [restartedMain] org.hibernate.Version                    : HHH000412: Hibernate ORM core version [WORKING]
2023-07-19T19:44:22.336+04:00  INFO 11724 --- [restartedMain] org.hibernate.cfg.Environment            : HHH000406: Using bytecode reflection optimizer
2023-07-19T19:44:22.522+04:00  INFO 11724 --- [restartedMain] o.h.b.i.BytecodeProviderInitiator        : HHH000021: Bytecode provider name : bytebuddy
2023-07-19T19:44:22.696+04:00  INFO 11724 --- [restartedMain] o.s.o.j.p.SpringPersistenceUnitInfo      : No LoadTimeWeaver setup: ignoring JPA class transformer
2023-07-19T19:44:23.215+04:00  INFO 11724 --- [restartedMain] o.h.b.i.BytecodeProviderInitiator        : HHH000021: Bytecode provider name : bytebuddy
2023-07-19T19:44:24.122+04:00  INFO 11724 --- [restartedMain] o.h.e.t.j.p.i.JtaPlatformInitiator       : HHH000490: Using JtaPlatform implementation: [org.hibernate.engine.transaction.jta.platform.internal.NoJtaPlatform]
2023-07-19T19:44:25.108+04:00  INFO 11724 --- [restartedMain] j.LocalContainerEntityManagerFactoryBean : Initialized JPA EntityManagerFactory for persistence unit 'default'
2023-07-19T19:44:26.193+04:00  WARN 11724 --- [restartedMain] JpaBaseConfiguration$JpaWebConfiguration : spring.jpa.open-in-view is enabled by default. Therefore, database queries may be performed during view rendering. Explicitly configure spring.jpa.open-in-view to disable this warning
2023-07-19T19:44:27.820+04:00  INFO 11724 --- [restartedMain] o.s.b.d.a.OptionalLiveReloadServer       : LiveReload server is running on port 35729
2023-07-19T19:44:27.859+04:00  WARN 11724 --- [restartedMain] ocalVariableTableParameterNameDiscoverer : Using deprecated '-debug' fallback for parameter name resolution. Compile the affected code with '-parameters' instead or avoid its introspection: org.springframework.amqp.rabbit.core.RabbitAdmin
2023-07-19T19:44:27.936+04:00  INFO 11724 --- [restartedMain] o.s.b.w.embedded.tomcat.TomcatWebServer  : Tomcat started on port(s): 8080 (http) with context path ''
2023-07-19T19:44:27.941+04:00  INFO 11724 --- [restartedMain] o.s.a.r.c.CachingConnectionFactory       : Attempting to connect to: [hawk.rmq.cloudamqp.com:5671]
2023-07-19T19:44:28.328+04:00  INFO 11724 --- [restartedMain] o.s.a.r.c.CachingConnectionFactory       : Created new connection: rabbitConnectionFactory#5a512b31:0/SimpleConnection@113b3c58 [delegate=amqp://tblsugde@13.50.160.243:5671/tblsugde, localPort=59324]
2023-07-19T19:44:28.729+04:00  INFO 11724 --- [restartedMain] c.k.userservice.UserServiceApplication   : Started UserServiceApplication in 10.496 seconds (process running for 11.433)
2023-07-19T19:45:52.692+04:00  INFO 11724 --- [http-nio-8080-exec-2] o.a.c.c.C.[Tomcat].[localhost].[/]       : Initializing Spring DispatcherServlet 'dispatcherServlet'
2023-07-19T19:45:52.692+04:00  INFO 11724 --- [http-nio-8080-exec-2] o.s.web.servlet.DispatcherServlet        : Initializing Servlet 'dispatcherServlet'
2023-07-19T19:45:52.694+04:00  INFO 11724 --- [http-nio-8080-exec-2] o.s.web.servlet.DispatcherServlet        : Completed initialization in 1 ms
2023-07-19T19:53:21.114+04:00  INFO 11724 --- [org.springframework.amqp.rabbit.RabbitListenerEndpointContainer#0-2] o.s.a.r.l.SimpleMessageListenerContainer : Waiting for workers to finish.
2023-07-19T19:53:21.979+04:00  INFO 11724 --- [org.springframework.amqp.rabbit.RabbitListenerEndpointContainer#0-2] o.s.a.r.l.SimpleMessageListenerContainer : Successfully waited for workers to finish.
2023-07-19T19:53:22.001+04:00  INFO 11724 --- [SpringApplicationShutdownHook] o.s.a.r.l.SimpleMessageListenerContainer : Shutdown ignored - container is already stopped
2023-07-19T19:53:22.051+04:00  INFO 11724 --- [SpringApplicationShutdownHook] j.LocalContainerEntityManagerFactoryBean : Closing JPA EntityManagerFactory for persistence unit 'default'
2023-07-19T19:53:22.055+04:00  INFO 11724 --- [SpringApplicationShutdownHook] com.zaxxer.hikari.HikariDataSource       : HikariPool-1 - Shutdown initiated...
2023-07-19T19:53:22.420+04:00  INFO 11724 --- [SpringApplicationShutdownHook] com.zaxxer.hikari.HikariDataSource       : HikariPool-1 - Shutdown completed.
2023-07-19T19:53:31.519+04:00  INFO 15032 --- [restartedMain] c.k.userservice.UserServiceApplication   : Starting UserServiceApplication using Java 20.0.1 with PID 15032 (C:\Users\kishk\Desktop\SSTU-SUMMER-PRACTICE\summerPracticeSSTU\user-service\target\classes started by kishk in C:\Users\kishk\Desktop\SSTU-SUMMER-PRACTICE\summerPracticeSSTU\user-service)
2023-07-19T19:53:31.522+04:00  INFO 15032 --- [restartedMain] c.k.userservice.UserServiceApplication   : No active profile set, falling back to 1 default profile: "default"
2023-07-19T19:53:31.580+04:00  INFO 15032 --- [restartedMain] .e.DevToolsPropertyDefaultsPostProcessor : Devtools property defaults active! Set 'spring.devtools.add-properties' to 'false' to disable
2023-07-19T19:53:31.580+04:00  INFO 15032 --- [restartedMain] .e.DevToolsPropertyDefaultsPostProcessor : For additional web related logging consider setting the 'logging.level.web' property to 'DEBUG'
2023-07-19T19:53:32.470+04:00  INFO 15032 --- [restartedMain] .s.d.r.c.RepositoryConfigurationDelegate : Multiple Spring Data modules found, entering strict repository configuration mode
2023-07-19T19:53:32.470+04:00  INFO 15032 --- [restartedMain] .s.d.r.c.RepositoryConfigurationDelegate : Bootstrapping Spring Data JPA repositories in DEFAULT mode.
2023-07-19T19:53:32.692+04:00  INFO 15032 --- [restartedMain] .s.d.r.c.RepositoryConfigurationDelegate : Finished Spring Data repository scanning in 212 ms. Found 4 JPA repository interfaces.
2023-07-19T19:53:33.050+04:00  INFO 15032 --- [restartedMain] .s.d.r.c.RepositoryConfigurationDelegate : Multiple Spring Data modules found, entering strict repository configuration mode
2023-07-19T19:53:33.052+04:00  INFO 15032 --- [restartedMain] .s.d.r.c.RepositoryConfigurationDelegate : Bootstrapping Spring Data Redis repositories in DEFAULT mode.
2023-07-19T19:53:33.084+04:00  INFO 15032 --- [restartedMain] .RepositoryConfigurationExtensionSupport : Spring Data Redis - Could not safely identify store assignment for repository candidate interface com.kishko.photoservice.repositories.AttachmentRepository; If you want this repository to be a Redis repository, consider annotating your entities with one of these annotations: org.springframework.data.redis.core.RedisHash (preferred), or consider extending one of the following types with your repository: org.springframework.data.keyvalue.repository.KeyValueRepository
2023-07-19T19:53:33.100+04:00  INFO 15032 --- [restartedMain] .RepositoryConfigurationExtensionSupport : Spring Data Redis - Could not safely identify store assignment for repository candidate interface com.kishko.userservice.repositories.AdvancedStockRepository; If you want this repository to be a Redis repository, consider annotating your entities with one of these annotations: org.springframework.data.redis.core.RedisHash (preferred), or consider extending one of the following types with your repository: org.springframework.data.keyvalue.repository.KeyValueRepository
2023-07-19T19:53:33.101+04:00  INFO 15032 --- [restartedMain] .RepositoryConfigurationExtensionSupport : Spring Data Redis - Could not safely identify store assignment for repository candidate interface com.kishko.userservice.repositories.StockRepository; If you want this repository to be a Redis repository, consider annotating your entities with one of these annotations: org.springframework.data.redis.core.RedisHash (preferred), or consider extending one of the following types with your repository: org.springframework.data.keyvalue.repository.KeyValueRepository
2023-07-19T19:53:33.101+04:00  INFO 15032 --- [restartedMain] .RepositoryConfigurationExtensionSupport : Spring Data Redis - Could not safely identify store assignment for repository candidate interface com.kishko.userservice.repositories.UserRepository; If you want this repository to be a Redis repository, consider annotating your entities with one of these annotations: org.springframework.data.redis.core.RedisHash (preferred), or consider extending one of the following types with your repository: org.springframework.data.keyvalue.repository.KeyValueRepository
2023-07-19T19:53:33.102+04:00  INFO 15032 --- [restartedMain] .s.d.r.c.RepositoryConfigurationDelegate : Finished Spring Data repository scanning in 38 ms. Found 0 Redis repository interfaces.
2023-07-19T19:53:33.951+04:00  INFO 15032 --- [restartedMain] o.s.b.w.embedded.tomcat.TomcatWebServer  : Tomcat initialized with port(s): 8080 (http)
2023-07-19T19:53:33.963+04:00  INFO 15032 --- [restartedMain] o.apache.catalina.core.StandardService   : Starting service [Tomcat]
2023-07-19T19:53:33.963+04:00  INFO 15032 --- [restartedMain] o.apache.catalina.core.StandardEngine    : Starting Servlet engine: [Apache Tomcat/10.1.10]
2023-07-19T19:53:34.057+04:00  INFO 15032 --- [restartedMain] o.a.c.c.C.[Tomcat].[localhost].[/]       : Initializing Spring embedded WebApplicationContext
2023-07-19T19:53:34.057+04:00  INFO 15032 --- [restartedMain] w.s.c.ServletWebServerApplicationContext : Root WebApplicationContext: initialization completed in 2476 ms
2023-07-19T19:53:34.102+04:00  INFO 15032 --- [restartedMain] com.zaxxer.hikari.HikariDataSource       : HikariPool-1 - Starting...
2023-07-19T19:53:34.782+04:00  INFO 15032 --- [restartedMain] com.zaxxer.hikari.pool.HikariPool        : HikariPool-1 - Added connection org.postgresql.jdbc.PgConnection@5a6fdc44
2023-07-19T19:53:34.784+04:00  INFO 15032 --- [restartedMain] com.zaxxer.hikari.HikariDataSource       : HikariPool-1 - Start completed.
2023-07-19T19:53:34.797+04:00  INFO 15032 --- [restartedMain] o.s.b.a.h2.H2ConsoleAutoConfiguration    : H2 console available at '/h2-console'. Database available at 'jdbc:postgresql://84.38.183.185:5432/postgres'
2023-07-19T19:53:35.060+04:00  INFO 15032 --- [restartedMain] o.hibernate.jpa.internal.util.LogHelper  : HHH000204: Processing PersistenceUnitInfo [name: default]
2023-07-19T19:53:35.132+04:00  INFO 15032 --- [restartedMain] org.hibernate.Version                    : HHH000412: Hibernate ORM core version [WORKING]
2023-07-19T19:53:35.134+04:00  INFO 15032 --- [restartedMain] org.hibernate.cfg.Environment            : HHH000406: Using bytecode reflection optimizer
2023-07-19T19:53:35.322+04:00  INFO 15032 --- [restartedMain] o.h.b.i.BytecodeProviderInitiator        : HHH000021: Bytecode provider name : bytebuddy
2023-07-19T19:53:35.496+04:00  INFO 15032 --- [restartedMain] o.s.o.j.p.SpringPersistenceUnitInfo      : No LoadTimeWeaver setup: ignoring JPA class transformer
2023-07-19T19:53:36.027+04:00  INFO 15032 --- [restartedMain] o.h.b.i.BytecodeProviderInitiator        : HHH000021: Bytecode provider name : bytebuddy
2023-07-19T19:53:36.973+04:00  INFO 15032 --- [restartedMain] o.h.e.t.j.p.i.JtaPlatformInitiator       : HHH000490: Using JtaPlatform implementation: [org.hibernate.engine.transaction.jta.platform.internal.NoJtaPlatform]
2023-07-19T19:53:38.074+04:00  INFO 15032 --- [restartedMain] j.LocalContainerEntityManagerFactoryBean : Initialized JPA EntityManagerFactory for persistence unit 'default'
2023-07-19T19:53:39.173+04:00  WARN 15032 --- [restartedMain] JpaBaseConfiguration$JpaWebConfiguration : spring.jpa.open-in-view is enabled by default. Therefore, database queries may be performed during view rendering. Explicitly configure spring.jpa.open-in-view to disable this warning
2023-07-19T19:53:40.795+04:00  INFO 15032 --- [restartedMain] o.s.b.d.a.OptionalLiveReloadServer       : LiveReload server is running on port 35729
2023-07-19T19:53:40.832+04:00  WARN 15032 --- [restartedMain] ocalVariableTableParameterNameDiscoverer : Using deprecated '-debug' fallback for parameter name resolution. Compile the affected code with '-parameters' instead or avoid its introspection: org.springframework.amqp.rabbit.core.RabbitAdmin
2023-07-19T19:53:40.910+04:00  INFO 15032 --- [restartedMain] o.s.b.w.embedded.tomcat.TomcatWebServer  : Tomcat started on port(s): 8080 (http) with context path ''
2023-07-19T19:53:40.914+04:00  INFO 15032 --- [restartedMain] o.s.a.r.c.CachingConnectionFactory       : Attempting to connect to: [hawk.rmq.cloudamqp.com:5671]
2023-07-19T19:53:41.341+04:00  INFO 15032 --- [restartedMain] o.s.a.r.c.CachingConnectionFactory       : Created new connection: rabbitConnectionFactory#26b0276:0/SimpleConnection@6138d354 [delegate=amqp://tblsugde@13.50.160.243:5671/tblsugde, localPort=59538]
2023-07-19T19:53:41.782+04:00  INFO 15032 --- [restartedMain] c.k.userservice.UserServiceApplication   : Started UserServiceApplication in 10.85 seconds (process running for 11.777)
2023-07-19T19:53:45.975+04:00  INFO 15032 --- [http-nio-8080-exec-2] o.a.c.c.C.[Tomcat].[localhost].[/]       : Initializing Spring DispatcherServlet 'dispatcherServlet'
2023-07-19T19:53:45.975+04:00  INFO 15032 --- [http-nio-8080-exec-2] o.s.web.servlet.DispatcherServlet        : Initializing Servlet 'dispatcherServlet'
2023-07-19T19:53:45.977+04:00  INFO 15032 --- [http-nio-8080-exec-2] o.s.web.servlet.DispatcherServlet        : Completed initialization in 2 ms
2023-07-19T20:01:40.095+04:00  INFO 15032 --- [org.springframework.amqp.rabbit.RabbitListenerEndpointContainer#0-2] o.s.a.r.l.SimpleMessageListenerContainer : Waiting for workers to finish.
2023-07-19T20:01:40.362+04:00  INFO 15032 --- [org.springframework.amqp.rabbit.RabbitListenerEndpointContainer#0-2] o.s.a.r.l.SimpleMessageListenerContainer : Successfully waited for workers to finish.
2023-07-19T20:01:40.398+04:00  INFO 15032 --- [SpringApplicationShutdownHook] o.s.a.r.l.SimpleMessageListenerContainer : Shutdown ignored - container is already stopped
2023-07-19T20:01:40.459+04:00  INFO 15032 --- [SpringApplicationShutdownHook] j.LocalContainerEntityManagerFactoryBean : Closing JPA EntityManagerFactory for persistence unit 'default'
2023-07-19T20:01:40.472+04:00  INFO 15032 --- [SpringApplicationShutdownHook] com.zaxxer.hikari.HikariDataSource       : HikariPool-1 - Shutdown initiated...
2023-07-19T20:01:40.863+04:00  INFO 15032 --- [SpringApplicationShutdownHook] com.zaxxer.hikari.HikariDataSource       : HikariPool-1 - Shutdown completed.
